{"C:\\Users\\Ema Suriano\\git\\brastlewark-finder\\src\\apolloClient.js": {"path":"C:\\Users\\Ema Suriano\\git\\brastlewark-finder\\src\\apolloClient.js","statementMap":{"0":{"start":{"line":1,"column":13},"end":{"line":1,"column":75}},"1":{"start":{"line":1,"column":95},"end":{"line":1,"column":119}},"2":{"start":{"line":2,"column":22},"end":{"line":2,"column":49}},"3":{"start":{"line":3,"column":27},"end":{"line":3,"column":59}},"4":{"start":{"line":5,"column":15},"end":{"line":7,"column":52}},"5":{"start":{"line":7,"column":53},"end":{"line":10,"column":7}}},"fnMap":{},"branchMap":{},"s":{"0":0,"1":0,"2":0,"3":0,"4":0,"5":0},"f":{},"b":{}}
,"C:\\Users\\Ema Suriano\\git\\brastlewark-finder\\src\\registerServiceWorker.js": {"path":"C:\\Users\\Ema Suriano\\git\\brastlewark-finder\\src\\registerServiceWorker.js","statementMap":{"0":{"start":{"line":1,"column":13},"end":{"line":1,"column":75}},"1":{"start":{"line":1,"column":75},"end":{"line":17,"column":9}},"2":{"start":{"line":17,"column":9},"end":{"line":103,"column":24}},"3":{"start":{"line":110,"column":20},"end":{"line":112,"column":89}},"4":{"start":{"line":112,"column":111},"end":{"line":120,"column":36}},"5":{"start":{"line":113,"column":22},"end":{"line":113,"column":70}},"6":{"start":{"line":113,"column":71},"end":{"line":116,"column":14}},"7":{"start":{"line":116,"column":6},"end":{"line":116,"column":13}},"8":{"start":{"line":116,"column":14},"end":{"line":120,"column":35}},"9":{"start":{"line":116,"column":67},"end":{"line":116,"column":112}},"10":{"start":{"line":116,"column":113},"end":{"line":120,"column":32}},"11":{"start":{"line":117,"column":8},"end":{"line":117,"column":39}},"12":{"start":{"line":119,"column":8},"end":{"line":119,"column":178}},"13":{"start":{"line":119,"column":50},"end":{"line":119,"column":175}},"14":{"start":{"line":120,"column":8},"end":{"line":120,"column":31}},"15":{"start":{"line":120,"column":70},"end":{"line":127,"column":156}},"16":{"start":{"line":120,"column":132},"end":{"line":127,"column":68}},"17":{"start":{"line":120,"column":193},"end":{"line":120,"column":216}},"18":{"start":{"line":120,"column":217},"end":{"line":127,"column":66}},"19":{"start":{"line":120,"column":257},"end":{"line":127,"column":64}},"20":{"start":{"line":120,"column":302},"end":{"line":127,"column":63}},"21":{"start":{"line":124,"column":12},"end":{"line":124,"column":69}},"22":{"start":{"line":127,"column":12},"end":{"line":127,"column":62}},"23":{"start":{"line":127,"column":87},"end":{"line":127,"column":153}},"24":{"start":{"line":128,"column":2},"end":{"line":131,"column":126}},"25":{"start":{"line":129,"column":4},"end":{"line":131,"column":30}},"26":{"start":{"line":130,"column":6},"end":{"line":130,"column":127}},"27":{"start":{"line":130,"column":58},"end":{"line":130,"column":124}},"28":{"start":{"line":130,"column":96},"end":{"line":130,"column":121}},"29":{"start":{"line":131,"column":6},"end":{"line":131,"column":29}},"30":{"start":{"line":131,"column":46},"end":{"line":131,"column":123}},"31":{"start":{"line":131,"column":150},"end":{"line":131,"column":267}},"32":{"start":{"line":131,"column":185},"end":{"line":131,"column":266}},"33":{"start":{"line":131,"column":237},"end":{"line":131,"column":263}}},"fnMap":{"0":{"name":"register","decl":{"start":{"line":112,"column":99},"end":{"line":112,"column":107}},"loc":{"start":{"line":112,"column":110},"end":{"line":120,"column":37}},"line":112},"1":{"name":"(anonymous_1)","decl":{"start":{"line":116,"column":46},"end":{"line":116,"column":47}},"loc":{"start":{"line":116,"column":52},"end":{"line":120,"column":33}},"line":116},"2":{"name":"(anonymous_2)","decl":{"start":{"line":119,"column":43},"end":{"line":119,"column":44}},"loc":{"start":{"line":119,"column":49},"end":{"line":119,"column":176}},"line":119},"3":{"name":"registerValidSW","decl":{"start":{"line":120,"column":46},"end":{"line":120,"column":61}},"loc":{"start":{"line":120,"column":69},"end":{"line":127,"column":157}},"line":120},"4":{"name":"(anonymous_4)","decl":{"start":{"line":120,"column":115},"end":{"line":120,"column":116}},"loc":{"start":{"line":120,"column":131},"end":{"line":127,"column":69}},"line":120},"5":{"name":"(anonymous_5)","decl":{"start":{"line":120,"column":161},"end":{"line":120,"column":162}},"loc":{"start":{"line":120,"column":167},"end":{"line":127,"column":67}},"line":120},"6":{"name":"(anonymous_6)","decl":{"start":{"line":120,"column":250},"end":{"line":120,"column":251}},"loc":{"start":{"line":120,"column":256},"end":{"line":127,"column":65}},"line":120},"7":{"name":"(anonymous_7)","decl":{"start":{"line":127,"column":77},"end":{"line":127,"column":78}},"loc":{"start":{"line":127,"column":86},"end":{"line":127,"column":154}},"line":127},"8":{"name":"checkValidServiceWorker","decl":{"start":{"line":127,"column":166},"end":{"line":127,"column":189}},"loc":{"start":{"line":127,"column":197},"end":{"line":131,"column":127}},"line":127},"9":{"name":"(anonymous_9)","decl":{"start":{"line":128,"column":20},"end":{"line":128,"column":21}},"loc":{"start":{"line":128,"column":32},"end":{"line":131,"column":31}},"line":128},"10":{"name":"(anonymous_10)","decl":{"start":{"line":130,"column":41},"end":{"line":130,"column":42}},"loc":{"start":{"line":130,"column":57},"end":{"line":130,"column":125}},"line":130},"11":{"name":"(anonymous_11)","decl":{"start":{"line":130,"column":89},"end":{"line":130,"column":90}},"loc":{"start":{"line":130,"column":95},"end":{"line":130,"column":122}},"line":130},"12":{"name":"(anonymous_12)","decl":{"start":{"line":131,"column":39},"end":{"line":131,"column":40}},"loc":{"start":{"line":131,"column":45},"end":{"line":131,"column":124}},"line":131},"13":{"name":"unregister","decl":{"start":{"line":131,"column":136},"end":{"line":131,"column":146}},"loc":{"start":{"line":131,"column":149},"end":{"line":131,"column":268}},"line":131},"14":{"name":"(anonymous_14)","decl":{"start":{"line":131,"column":220},"end":{"line":131,"column":221}},"loc":{"start":{"line":131,"column":236},"end":{"line":131,"column":264}},"line":131}},"branchMap":{"0":{"loc":{"start":{"line":110,"column":28},"end":{"line":112,"column":88}},"type":"binary-expr","locations":[{"start":{"line":110,"column":28},"end":{"line":110,"column":68}},{"start":{"line":111,"column":0},"end":{"line":111,"column":36}},{"start":{"line":112,"column":0},"end":{"line":112,"column":88}}],"line":110},"1":{"loc":{"start":{"line":112,"column":111},"end":{"line":120,"column":36}},"type":"if","locations":[{"start":{"line":112,"column":111},"end":{"line":120,"column":36}},{"start":{"line":112,"column":111},"end":{"line":120,"column":36}}],"line":112},"2":{"loc":{"start":{"line":112,"column":115},"end":{"line":112,"column":184}},"type":"binary-expr","locations":[{"start":{"line":112,"column":115},"end":{"line":112,"column":152}},{"start":{"line":112,"column":156},"end":{"line":112,"column":184}}],"line":112},"3":{"loc":{"start":{"line":113,"column":71},"end":{"line":116,"column":14}},"type":"if","locations":[{"start":{"line":113,"column":71},"end":{"line":116,"column":14}},{"start":{"line":113,"column":71},"end":{"line":116,"column":14}}],"line":113},"4":{"loc":{"start":{"line":116,"column":113},"end":{"line":120,"column":32}},"type":"if","locations":[{"start":{"line":116,"column":113},"end":{"line":120,"column":32}},{"start":{"line":116,"column":113},"end":{"line":120,"column":32}}],"line":116},"5":{"loc":{"start":{"line":120,"column":257},"end":{"line":127,"column":64}},"type":"if","locations":[{"start":{"line":120,"column":257},"end":{"line":127,"column":64}},{"start":{"line":120,"column":257},"end":{"line":127,"column":64}}],"line":120},"6":{"loc":{"start":{"line":120,"column":302},"end":{"line":127,"column":63}},"type":"if","locations":[{"start":{"line":120,"column":302},"end":{"line":127,"column":63}},{"start":{"line":120,"column":302},"end":{"line":127,"column":63}}],"line":120},"7":{"loc":{"start":{"line":129,"column":4},"end":{"line":131,"column":30}},"type":"if","locations":[{"start":{"line":129,"column":4},"end":{"line":131,"column":30}},{"start":{"line":129,"column":4},"end":{"line":131,"column":30}}],"line":129},"8":{"loc":{"start":{"line":129,"column":8},"end":{"line":129,"column":100}},"type":"binary-expr","locations":[{"start":{"line":129,"column":8},"end":{"line":129,"column":31}},{"start":{"line":129,"column":35},"end":{"line":129,"column":100}}],"line":129},"9":{"loc":{"start":{"line":131,"column":150},"end":{"line":131,"column":267}},"type":"if","locations":[{"start":{"line":131,"column":150},"end":{"line":131,"column":267}},{"start":{"line":131,"column":150},"end":{"line":131,"column":267}}],"line":131}},"s":{"0":0,"1":0,"2":0,"3":0,"4":0,"5":0,"6":0,"7":0,"8":0,"9":0,"10":0,"11":0,"12":0,"13":0,"14":0,"15":0,"16":0,"17":0,"18":0,"19":0,"20":0,"21":0,"22":0,"23":0,"24":0,"25":0,"26":0,"27":0,"28":0,"29":0,"30":0,"31":0,"32":0,"33":0},"f":{"0":0,"1":0,"2":0,"3":0,"4":0,"5":0,"6":0,"7":0,"8":0,"9":0,"10":0,"11":0,"12":0,"13":0,"14":0},"b":{"0":[0,0,0],"1":[0,0],"2":[0,0],"3":[0,0],"4":[0,0],"5":[0,0],"6":[0,0],"7":[0,0],"8":[0,0],"9":[0,0]}}
,"C:\\Users\\Ema Suriano\\git\\brastlewark-finder\\src\\store.js": {"path":"C:\\Users\\Ema Suriano\\git\\brastlewark-finder\\src\\store.js","statementMap":{"0":{"start":{"line":1,"column":13},"end":{"line":1,"column":75}},"1":{"start":{"line":1,"column":88},"end":{"line":1,"column":104}},"2":{"start":{"line":2,"column":30},"end":{"line":2,"column":65}},"3":{"start":{"line":3,"column":14},"end":{"line":3,"column":39}},"4":{"start":{"line":3,"column":55},"end":{"line":3,"column":86}},"5":{"start":{"line":3,"column":125},"end":{"line":3,"column":179}},"6":{"start":{"line":5,"column":14},"end":{"line":9,"column":48}},"7":{"start":{"line":9,"column":49},"end":{"line":12,"column":6}}},"fnMap":{"0":{"name":"_interopRequireDefault","decl":{"start":{"line":3,"column":96},"end":{"line":3,"column":118}},"loc":{"start":{"line":3,"column":124},"end":{"line":3,"column":180}},"line":3}},"branchMap":{"0":{"loc":{"start":{"line":3,"column":132},"end":{"line":3,"column":178}},"type":"cond-expr","locations":[{"start":{"line":3,"column":156},"end":{"line":3,"column":159}},{"start":{"line":3,"column":162},"end":{"line":3,"column":178}}],"line":3},"1":{"loc":{"start":{"line":3,"column":132},"end":{"line":3,"column":153}},"type":"binary-expr","locations":[{"start":{"line":3,"column":132},"end":{"line":3,"column":135}},{"start":{"line":3,"column":139},"end":{"line":3,"column":153}}],"line":3}},"s":{"0":0,"1":0,"2":0,"3":0,"4":0,"5":0,"6":0,"7":0},"f":{"0":0},"b":{"0":[0,0],"1":[0,0]}}
,"C:\\Users\\Ema Suriano\\git\\brastlewark-finder\\src\\ducks\\search.js": {"path":"C:\\Users\\Ema Suriano\\git\\brastlewark-finder\\src\\ducks\\search.js","statementMap":{"0":{"start":{"line":1,"column":13},"end":{"line":1,"column":75}},"1":{"start":{"line":1,"column":75},"end":{"line":1,"column":130}},"2":{"start":{"line":1,"column":130},"end":{"line":12,"column":7}},"3":{"start":{"line":12,"column":23},"end":{"line":12,"column":42}},"4":{"start":{"line":13,"column":27},"end":{"line":13,"column":47}},"5":{"start":{"line":14,"column":21},"end":{"line":14,"column":50}},"6":{"start":{"line":14,"column":98},"end":{"line":21,"column":20}},"7":{"start":{"line":15,"column":6},"end":{"line":18,"column":43}},"8":{"start":{"line":21,"column":6},"end":{"line":21,"column":19}},"9":{"start":{"line":26,"column":18},"end":{"line":26,"column":39}},"10":{"start":{"line":26,"column":27},"end":{"line":26,"column":39}},"11":{"start":{"line":28,"column":16},"end":{"line":28,"column":79}},"12":{"start":{"line":28,"column":67},"end":{"line":28,"column":78}},"13":{"start":{"line":30,"column":23},"end":{"line":32,"column":35}},"14":{"start":{"line":32,"column":10},"end":{"line":32,"column":34}},"15":{"start":{"line":35,"column":20},"end":{"line":38,"column":47}},"16":{"start":{"line":38,"column":24},"end":{"line":38,"column":45}},"17":{"start":{"line":41,"column":24},"end":{"line":44,"column":56}},"18":{"start":{"line":44,"column":23},"end":{"line":44,"column":55}},"19":{"start":{"line":47,"column":18},"end":{"line":51,"column":15}},"20":{"start":{"line":55,"column":25},"end":{"line":57,"column":9}},"21":{"start":{"line":55,"column":37},"end":{"line":57,"column":9}},"22":{"start":{"line":60,"column":23},"end":{"line":61,"column":20}}},"fnMap":{"0":{"name":"reduce","decl":{"start":{"line":14,"column":60},"end":{"line":14,"column":66}},"loc":{"start":{"line":14,"column":97},"end":{"line":23,"column":1}},"line":14},"1":{"name":"(anonymous_1)","decl":{"start":{"line":26,"column":18},"end":{"line":26,"column":19}},"loc":{"start":{"line":26,"column":27},"end":{"line":26,"column":39}},"line":26},"2":{"name":"(anonymous_2)","decl":{"start":{"line":28,"column":57},"end":{"line":28,"column":58}},"loc":{"start":{"line":28,"column":67},"end":{"line":28,"column":78}},"line":28},"3":{"name":"(anonymous_3)","decl":{"start":{"line":32,"column":0},"end":{"line":32,"column":1}},"loc":{"start":{"line":32,"column":10},"end":{"line":32,"column":34}},"line":32},"4":{"name":"(anonymous_4)","decl":{"start":{"line":38,"column":0},"end":{"line":38,"column":1}},"loc":{"start":{"line":38,"column":24},"end":{"line":38,"column":45}},"line":38},"5":{"name":"(anonymous_5)","decl":{"start":{"line":44,"column":0},"end":{"line":44,"column":1}},"loc":{"start":{"line":44,"column":23},"end":{"line":44,"column":55}},"line":44},"6":{"name":"(anonymous_6)","decl":{"start":{"line":55,"column":25},"end":{"line":55,"column":26}},"loc":{"start":{"line":55,"column":37},"end":{"line":57,"column":9}},"line":55}},"branchMap":{"0":{"loc":{"start":{"line":14,"column":67},"end":{"line":14,"column":87}},"type":"default-arg","locations":[{"start":{"line":14,"column":75},"end":{"line":14,"column":87}}],"line":14},"1":{"loc":{"start":{"line":14,"column":98},"end":{"line":21,"column":20}},"type":"switch","locations":[{"start":{"line":14,"column":120},"end":{"line":18,"column":43}},{"start":{"line":20,"column":4},"end":{"line":21,"column":19}}],"line":14},"2":{"loc":{"start":{"line":32,"column":10},"end":{"line":32,"column":34}},"type":"binary-expr","locations":[{"start":{"line":32,"column":10},"end":{"line":32,"column":28}},{"start":{"line":32,"column":32},"end":{"line":32,"column":34}}],"line":32},"3":{"loc":{"start":{"line":44,"column":23},"end":{"line":44,"column":55}},"type":"binary-expr","locations":[{"start":{"line":44,"column":23},"end":{"line":44,"column":29}},{"start":{"line":44,"column":33},"end":{"line":44,"column":55}}],"line":44}},"s":{"0":0,"1":0,"2":0,"3":0,"4":0,"5":0,"6":0,"7":0,"8":0,"9":0,"10":0,"11":0,"12":0,"13":0,"14":0,"15":0,"16":0,"17":0,"18":0,"19":0,"20":0,"21":0,"22":0},"f":{"0":0,"1":0,"2":0,"3":0,"4":0,"5":0,"6":0},"b":{"0":[0],"1":[0,0],"2":[0,0],"3":[0,0]}}
,"C:\\Users\\Ema Suriano\\git\\brastlewark-finder\\src\\screens\\Gnome\\Gnome.js": {"path":"C:\\Users\\Ema Suriano\\git\\brastlewark-finder\\src\\screens\\Gnome\\Gnome.js","statementMap":{"0":{"start":{"line":1,"column":13},"end":{"line":1,"column":75}},"1":{"start":{"line":1,"column":94},"end":{"line":1,"column":174}},"2":{"start":{"line":1,"column":188},"end":{"line":1,"column":204}},"3":{"start":{"line":1,"column":219},"end":{"line":1,"column":249}},"4":{"start":{"line":2,"column":17},"end":{"line":2,"column":38}},"5":{"start":{"line":2,"column":57},"end":{"line":2,"column":91}},"6":{"start":{"line":3,"column":19},"end":{"line":3,"column":42}},"7":{"start":{"line":4,"column":13},"end":{"line":4,"column":31}},"8":{"start":{"line":5,"column":18},"end":{"line":5,"column":52}},"9":{"start":{"line":6,"column":24},"end":{"line":6,"column":64}},"10":{"start":{"line":6,"column":90},"end":{"line":6,"column":131}},"11":{"start":{"line":7,"column":18},"end":{"line":7,"column":52}},"12":{"start":{"line":7,"column":72},"end":{"line":7,"column":107}},"13":{"start":{"line":7,"column":146},"end":{"line":7,"column":200}},"14":{"start":{"line":20,"column":4},"end":{"line":20,"column":14}},"15":{"start":{"line":20,"column":26},"end":{"line":20,"column":48}},"16":{"start":{"line":20,"column":59},"end":{"line":20,"column":73}},"17":{"start":{"line":21,"column":4},"end":{"line":31,"column":15}},"18":{"start":{"line":25,"column":12},"end":{"line":25,"column":155}},"19":{"start":{"line":25,"column":25},"end":{"line":25,"column":155}},"20":{"start":{"line":26,"column":12},"end":{"line":28,"column":185}},"21":{"start":{"line":27,"column":12},"end":{"line":28,"column":185}},"22":{"start":{"line":30,"column":12},"end":{"line":30,"column":180}},"23":{"start":{"line":35,"column":4},"end":{"line":35,"column":34}},"24":{"start":{"line":35,"column":34},"end":{"line":35,"column":133}}},"fnMap":{"0":{"name":"_interopRequireDefault","decl":{"start":{"line":7,"column":117},"end":{"line":7,"column":139}},"loc":{"start":{"line":7,"column":145},"end":{"line":7,"column":201}},"line":7},"1":{"name":"(anonymous_1)","decl":{"start":{"line":14,"column":2},"end":{"line":14,"column":3}},"loc":{"start":{"line":14,"column":11},"end":{"line":35,"column":3}},"line":14},"2":{"name":"(anonymous_2)","decl":{"start":{"line":24,"column":10},"end":{"line":24,"column":11}},"loc":{"start":{"line":24,"column":40},"end":{"line":31,"column":11}},"line":24}},"branchMap":{"0":{"loc":{"start":{"line":7,"column":153},"end":{"line":7,"column":199}},"type":"cond-expr","locations":[{"start":{"line":7,"column":177},"end":{"line":7,"column":180}},{"start":{"line":7,"column":183},"end":{"line":7,"column":199}}],"line":7},"1":{"loc":{"start":{"line":7,"column":153},"end":{"line":7,"column":174}},"type":"binary-expr","locations":[{"start":{"line":7,"column":153},"end":{"line":7,"column":156}},{"start":{"line":7,"column":160},"end":{"line":7,"column":174}}],"line":7},"2":{"loc":{"start":{"line":25,"column":12},"end":{"line":25,"column":155}},"type":"if","locations":[{"start":{"line":25,"column":12},"end":{"line":25,"column":155}},{"start":{"line":25,"column":12},"end":{"line":25,"column":155}}],"line":25},"3":{"loc":{"start":{"line":26,"column":12},"end":{"line":28,"column":185}},"type":"if","locations":[{"start":{"line":26,"column":12},"end":{"line":28,"column":185}},{"start":{"line":26,"column":12},"end":{"line":28,"column":185}}],"line":26}},"s":{"0":0,"1":0,"2":0,"3":0,"4":0,"5":0,"6":0,"7":0,"8":0,"9":0,"10":0,"11":0,"12":0,"13":0,"14":0,"15":0,"16":0,"17":0,"18":0,"19":0,"20":0,"21":0,"22":0,"23":0,"24":0},"f":{"0":0,"1":0,"2":0},"b":{"0":[0,0],"1":[0,0],"2":[0,0],"3":[0,0]}}
,"C:\\Users\\Ema Suriano\\git\\brastlewark-finder\\src\\screens\\Gnome\\index.js": {"path":"C:\\Users\\Ema Suriano\\git\\brastlewark-finder\\src\\screens\\Gnome\\index.js","statementMap":{"0":{"start":{"line":1,"column":13},"end":{"line":1,"column":75}},"1":{"start":{"line":1,"column":88},"end":{"line":1,"column":106}},"2":{"start":{"line":1,"column":121},"end":{"line":1,"column":151}},"3":{"start":{"line":1,"column":190},"end":{"line":1,"column":244}},"4":{"start":{"line":1,"column":245},"end":{"line":1,"column":279}}},"fnMap":{"0":{"name":"_interopRequireDefault","decl":{"start":{"line":1,"column":161},"end":{"line":1,"column":183}},"loc":{"start":{"line":1,"column":189},"end":{"line":1,"column":245}},"line":1}},"branchMap":{"0":{"loc":{"start":{"line":1,"column":197},"end":{"line":1,"column":243}},"type":"cond-expr","locations":[{"start":{"line":1,"column":221},"end":{"line":1,"column":224}},{"start":{"line":1,"column":227},"end":{"line":1,"column":243}}],"line":1},"1":{"loc":{"start":{"line":1,"column":197},"end":{"line":1,"column":218}},"type":"binary-expr","locations":[{"start":{"line":1,"column":197},"end":{"line":1,"column":200}},{"start":{"line":1,"column":204},"end":{"line":1,"column":218}}],"line":1}},"s":{"0":0,"1":0,"2":0,"3":0,"4":0},"f":{"0":0},"b":{"0":[0,0],"1":[0,0]}}
,"C:\\Users\\Ema Suriano\\git\\brastlewark-finder\\src\\screens\\Gnome\\query.js": {"path":"C:\\Users\\Ema Suriano\\git\\brastlewark-finder\\src\\screens\\Gnome\\query.js","statementMap":{"0":{"start":{"line":1,"column":13},"end":{"line":1,"column":75}},"1":{"start":{"line":1,"column":75},"end":{"line":1,"column":111}},"2":{"start":{"line":1,"column":129},"end":{"line":1,"column":151}},"3":{"start":{"line":1,"column":171},"end":{"line":1,"column":206}},"4":{"start":{"line":1,"column":245},"end":{"line":1,"column":299}},"5":{"start":{"line":3,"column":24},"end":{"line":21,"column":1}}},"fnMap":{"0":{"name":"_interopRequireDefault","decl":{"start":{"line":1,"column":216},"end":{"line":1,"column":238}},"loc":{"start":{"line":1,"column":244},"end":{"line":1,"column":300}},"line":1}},"branchMap":{"0":{"loc":{"start":{"line":1,"column":252},"end":{"line":1,"column":298}},"type":"cond-expr","locations":[{"start":{"line":1,"column":276},"end":{"line":1,"column":279}},{"start":{"line":1,"column":282},"end":{"line":1,"column":298}}],"line":1},"1":{"loc":{"start":{"line":1,"column":252},"end":{"line":1,"column":273}},"type":"binary-expr","locations":[{"start":{"line":1,"column":252},"end":{"line":1,"column":255}},{"start":{"line":1,"column":259},"end":{"line":1,"column":273}}],"line":1}},"s":{"0":0,"1":0,"2":0,"3":0,"4":0,"5":0},"f":{"0":0},"b":{"0":[0,0],"1":[0,0]}}
,"C:\\Users\\Ema Suriano\\git\\brastlewark-finder\\src\\screens\\Gnome\\components\\GnomeInformation.js": {"path":"C:\\Users\\Ema Suriano\\git\\brastlewark-finder\\src\\screens\\Gnome\\components\\GnomeInformation.js","statementMap":{"0":{"start":{"line":1,"column":13},"end":{"line":1,"column":75}},"1":{"start":{"line":1,"column":94},"end":{"line":1,"column":197}},"2":{"start":{"line":1,"column":211},"end":{"line":1,"column":227}},"3":{"start":{"line":1,"column":242},"end":{"line":1,"column":272}},"4":{"start":{"line":2,"column":24},"end":{"line":2,"column":52}},"5":{"start":{"line":2,"column":78},"end":{"line":2,"column":119}},"6":{"start":{"line":3,"column":21},"end":{"line":3,"column":72}},"7":{"start":{"line":3,"column":95},"end":{"line":3,"column":133}},"8":{"start":{"line":4,"column":18},"end":{"line":4,"column":55}},"9":{"start":{"line":5,"column":17},"end":{"line":5,"column":38}},"10":{"start":{"line":5,"column":57},"end":{"line":5,"column":91}},"11":{"start":{"line":5,"column":130},"end":{"line":5,"column":184}},"12":{"start":{"line":7,"column":18},"end":{"line":16,"column":1}},"13":{"start":{"line":18,"column":19},"end":{"line":20,"column":1}},"14":{"start":{"line":22,"column":21},"end":{"line":24,"column":1}},"15":{"start":{"line":26,"column":20},"end":{"line":28,"column":1}},"16":{"start":{"line":30,"column":25},"end":{"line":32,"column":1}},"17":{"start":{"line":34,"column":21},"end":{"line":36,"column":1}},"18":{"start":{"line":38,"column":23},"end":{"line":40,"column":1}},"19":{"start":{"line":42,"column":29},"end":{"line":50,"column":1}},"20":{"start":{"line":52,"column":25},"end":{"line":109,"column":193}},"21":{"start":{"line":62,"column":0},"end":{"line":109,"column":193}},"22":{"start":{"line":95,"column":28},"end":{"line":95,"column":165}},"23":{"start":{"line":115,"column":0},"end":{"line":123,"column":69}},"24":{"start":{"line":126,"column":0},"end":{"line":128,"column":20}},"25":{"start":{"line":128,"column":20},"end":{"line":131,"column":17}}},"fnMap":{"0":{"name":"_interopRequireDefault","decl":{"start":{"line":5,"column":101},"end":{"line":5,"column":123}},"loc":{"start":{"line":5,"column":129},"end":{"line":5,"column":185}},"line":5},"1":{"name":"(anonymous_1)","decl":{"start":{"line":52,"column":25},"end":{"line":52,"column":26}},"loc":{"start":{"line":62,"column":0},"end":{"line":109,"column":193}},"line":62},"2":{"name":"(anonymous_2)","decl":{"start":{"line":95,"column":20},"end":{"line":95,"column":21}},"loc":{"start":{"line":95,"column":28},"end":{"line":95,"column":165}},"line":95}},"branchMap":{"0":{"loc":{"start":{"line":5,"column":137},"end":{"line":5,"column":183}},"type":"cond-expr","locations":[{"start":{"line":5,"column":161},"end":{"line":5,"column":164}},{"start":{"line":5,"column":167},"end":{"line":5,"column":183}}],"line":5},"1":{"loc":{"start":{"line":5,"column":137},"end":{"line":5,"column":158}},"type":"binary-expr","locations":[{"start":{"line":5,"column":137},"end":{"line":5,"column":140}},{"start":{"line":5,"column":144},"end":{"line":5,"column":158}}],"line":5},"2":{"loc":{"start":{"line":94,"column":4},"end":{"line":97,"column":199}},"type":"cond-expr","locations":[{"start":{"line":95,"column":4},"end":{"line":95,"column":166}},{"start":{"line":97,"column":4},"end":{"line":97,"column":199}}],"line":94},"3":{"loc":{"start":{"line":106,"column":4},"end":{"line":109,"column":191}},"type":"cond-expr","locations":[{"start":{"line":107,"column":4},"end":{"line":107,"column":151}},{"start":{"line":109,"column":4},"end":{"line":109,"column":191}}],"line":106}},"s":{"0":0,"1":0,"2":0,"3":0,"4":0,"5":0,"6":0,"7":0,"8":0,"9":0,"10":0,"11":0,"12":0,"13":0,"14":0,"15":0,"16":0,"17":0,"18":0,"19":0,"20":0,"21":0,"22":0,"23":0,"24":0,"25":0},"f":{"0":0,"1":0,"2":0},"b":{"0":[0,0],"1":[0,0],"2":[0,0],"3":[0,0]}}
,"C:\\Users\\Ema Suriano\\git\\brastlewark-finder\\src\\screens\\Gnome\\components\\GnomeModal.js": {"path":"C:\\Users\\Ema Suriano\\git\\brastlewark-finder\\src\\screens\\Gnome\\components\\GnomeModal.js","statementMap":{"0":{"start":{"line":1,"column":13},"end":{"line":1,"column":75}},"1":{"start":{"line":1,"column":94},"end":{"line":1,"column":191}},"2":{"start":{"line":1,"column":214},"end":{"line":1,"column":241}},"3":{"start":{"line":2,"column":13},"end":{"line":2,"column":29}},"4":{"start":{"line":2,"column":44},"end":{"line":2,"column":74}},"5":{"start":{"line":3,"column":18},"end":{"line":3,"column":40}},"6":{"start":{"line":3,"column":60},"end":{"line":3,"column":95}},"7":{"start":{"line":4,"column":24},"end":{"line":4,"column":52}},"8":{"start":{"line":4,"column":78},"end":{"line":4,"column":119}},"9":{"start":{"line":4,"column":158},"end":{"line":4,"column":212}},"10":{"start":{"line":6,"column":19},"end":{"line":8,"column":1}},"11":{"start":{"line":10,"column":19},"end":{"line":13,"column":11}},"12":{"start":{"line":11,"column":0},"end":{"line":13,"column":11}},"13":{"start":{"line":11,"column":90},"end":{"line":11,"column":107}},"14":{"start":{"line":13,"column":12},"end":{"line":17,"column":11}}},"fnMap":{"0":{"name":"_interopRequireDefault","decl":{"start":{"line":4,"column":129},"end":{"line":4,"column":151}},"loc":{"start":{"line":4,"column":157},"end":{"line":4,"column":213}},"line":4},"1":{"name":"(anonymous_1)","decl":{"start":{"line":10,"column":19},"end":{"line":10,"column":20}},"loc":{"start":{"line":11,"column":0},"end":{"line":13,"column":11}},"line":11},"2":{"name":"(anonymous_2)","decl":{"start":{"line":11,"column":84},"end":{"line":11,"column":85}},"loc":{"start":{"line":11,"column":90},"end":{"line":11,"column":107}},"line":11}},"branchMap":{"0":{"loc":{"start":{"line":4,"column":165},"end":{"line":4,"column":211}},"type":"cond-expr","locations":[{"start":{"line":4,"column":189},"end":{"line":4,"column":192}},{"start":{"line":4,"column":195},"end":{"line":4,"column":211}}],"line":4},"1":{"loc":{"start":{"line":4,"column":165},"end":{"line":4,"column":186}},"type":"binary-expr","locations":[{"start":{"line":4,"column":165},"end":{"line":4,"column":168}},{"start":{"line":4,"column":172},"end":{"line":4,"column":186}}],"line":4}},"s":{"0":0,"1":0,"2":0,"3":0,"4":0,"5":0,"6":0,"7":0,"8":0,"9":0,"10":0,"11":0,"12":0,"13":0,"14":0},"f":{"0":0,"1":0,"2":0},"b":{"0":[0,0],"1":[0,0]}}
,"C:\\Users\\Ema Suriano\\git\\brastlewark-finder\\src\\screens\\Home\\Container.js": {"path":"C:\\Users\\Ema Suriano\\git\\brastlewark-finder\\src\\screens\\Home\\Container.js","statementMap":{"0":{"start":{"line":1,"column":13},"end":{"line":1,"column":75}},"1":{"start":{"line":1,"column":93},"end":{"line":1,"column":115}},"2":{"start":{"line":2,"column":12},"end":{"line":2,"column":29}},"3":{"start":{"line":2,"column":43},"end":{"line":2,"column":72}},"4":{"start":{"line":3,"column":14},"end":{"line":3,"column":43}},"5":{"start":{"line":3,"column":82},"end":{"line":3,"column":136}},"6":{"start":{"line":8,"column":24},"end":{"line":10,"column":62}},"7":{"start":{"line":8,"column":34},"end":{"line":10,"column":61}},"8":{"start":{"line":13,"column":19},"end":{"line":13,"column":58}},"9":{"start":{"line":15,"column":27},"end":{"line":16,"column":20}},"10":{"start":{"line":16,"column":21},"end":{"line":19,"column":78}}},"fnMap":{"0":{"name":"_interopRequireDefault","decl":{"start":{"line":3,"column":53},"end":{"line":3,"column":75}},"loc":{"start":{"line":3,"column":81},"end":{"line":3,"column":137}},"line":3},"1":{"name":"(anonymous_1)","decl":{"start":{"line":8,"column":24},"end":{"line":8,"column":25}},"loc":{"start":{"line":8,"column":34},"end":{"line":10,"column":61}},"line":8}},"branchMap":{"0":{"loc":{"start":{"line":3,"column":89},"end":{"line":3,"column":135}},"type":"cond-expr","locations":[{"start":{"line":3,"column":113},"end":{"line":3,"column":116}},{"start":{"line":3,"column":119},"end":{"line":3,"column":135}}],"line":3},"1":{"loc":{"start":{"line":3,"column":89},"end":{"line":3,"column":110}},"type":"binary-expr","locations":[{"start":{"line":3,"column":89},"end":{"line":3,"column":92}},{"start":{"line":3,"column":96},"end":{"line":3,"column":110}}],"line":3}},"s":{"0":0,"1":0,"2":0,"3":0,"4":0,"5":0,"6":0,"7":0,"8":0,"9":0,"10":0},"f":{"0":0,"1":0},"b":{"0":[0,0],"1":[0,0]}}
,"C:\\Users\\Ema Suriano\\git\\brastlewark-finder\\src\\screens\\Home\\Home.js": {"path":"C:\\Users\\Ema Suriano\\git\\brastlewark-finder\\src\\screens\\Home\\Home.js","statementMap":{"0":{"start":{"line":1,"column":13},"end":{"line":1,"column":75}},"1":{"start":{"line":1,"column":94},"end":{"line":1,"column":172}},"2":{"start":{"line":1,"column":186},"end":{"line":1,"column":202}},"3":{"start":{"line":1,"column":217},"end":{"line":1,"column":247}},"4":{"start":{"line":2,"column":17},"end":{"line":2,"column":38}},"5":{"start":{"line":2,"column":57},"end":{"line":2,"column":91}},"6":{"start":{"line":3,"column":18},"end":{"line":3,"column":52}},"7":{"start":{"line":4,"column":26},"end":{"line":4,"column":68}},"8":{"start":{"line":4,"column":96},"end":{"line":4,"column":139}},"9":{"start":{"line":5,"column":19},"end":{"line":5,"column":54}},"10":{"start":{"line":5,"column":75},"end":{"line":5,"column":111}},"11":{"start":{"line":6,"column":19},"end":{"line":6,"column":54}},"12":{"start":{"line":6,"column":75},"end":{"line":6,"column":111}},"13":{"start":{"line":7,"column":16},"end":{"line":7,"column":48}},"14":{"start":{"line":7,"column":66},"end":{"line":7,"column":99}},"15":{"start":{"line":7,"column":138},"end":{"line":7,"column":192}},"16":{"start":{"line":9,"column":75},"end":{"line":31,"column":13}},"17":{"start":{"line":22,"column":25},"end":{"line":22,"column":48}},"18":{"start":{"line":24,"column":39},"end":{"line":24,"column":69}},"19":{"start":{"line":26,"column":25},"end":{"line":26,"column":64}},"20":{"start":{"line":29,"column":6},"end":{"line":29,"column":27}},"21":{"start":{"line":30,"column":6},"end":{"line":30,"column":26}},"22":{"start":{"line":34,"column":4},"end":{"line":34,"column":14}},"23":{"start":{"line":34,"column":39},"end":{"line":34,"column":61}},"24":{"start":{"line":34,"column":73},"end":{"line":34,"column":88}},"25":{"start":{"line":35,"column":4},"end":{"line":35,"column":14}},"26":{"start":{"line":35,"column":28},"end":{"line":35,"column":39}},"27":{"start":{"line":35,"column":54},"end":{"line":35,"column":72}},"28":{"start":{"line":36,"column":21},"end":{"line":36,"column":76}},"29":{"start":{"line":37,"column":4},"end":{"line":57,"column":155}},"30":{"start":{"line":61,"column":4},"end":{"line":61,"column":189}},"31":{"start":{"line":61,"column":189},"end":{"line":64,"column":11}}},"fnMap":{"0":{"name":"_interopRequireDefault","decl":{"start":{"line":7,"column":109},"end":{"line":7,"column":131}},"loc":{"start":{"line":7,"column":137},"end":{"line":7,"column":193}},"line":7},"1":{"name":"(anonymous_1)","decl":{"start":{"line":9,"column":43},"end":{"line":9,"column":44}},"loc":{"start":{"line":9,"column":64},"end":{"line":31,"column":14}},"line":9},"2":{"name":"(anonymous_2)","decl":{"start":{"line":22,"column":17},"end":{"line":22,"column":18}},"loc":{"start":{"line":22,"column":25},"end":{"line":22,"column":48}},"line":22},"3":{"name":"(anonymous_3)","decl":{"start":{"line":24,"column":24},"end":{"line":24,"column":25}},"loc":{"start":{"line":24,"column":39},"end":{"line":24,"column":69}},"line":24},"4":{"name":"(anonymous_4)","decl":{"start":{"line":26,"column":19},"end":{"line":26,"column":20}},"loc":{"start":{"line":26,"column":25},"end":{"line":26,"column":64}},"line":26},"5":{"name":"(anonymous_5)","decl":{"start":{"line":28,"column":15},"end":{"line":28,"column":16}},"loc":{"start":{"line":28,"column":22},"end":{"line":31,"column":5}},"line":28},"6":{"name":"(anonymous_6)","decl":{"start":{"line":33,"column":2},"end":{"line":33,"column":3}},"loc":{"start":{"line":33,"column":11},"end":{"line":61,"column":3}},"line":33}},"branchMap":{"0":{"loc":{"start":{"line":7,"column":145},"end":{"line":7,"column":191}},"type":"cond-expr","locations":[{"start":{"line":7,"column":169},"end":{"line":7,"column":172}},{"start":{"line":7,"column":175},"end":{"line":7,"column":191}}],"line":7},"1":{"loc":{"start":{"line":7,"column":145},"end":{"line":7,"column":166}},"type":"binary-expr","locations":[{"start":{"line":7,"column":145},"end":{"line":7,"column":148}},{"start":{"line":7,"column":152},"end":{"line":7,"column":166}}],"line":7},"2":{"loc":{"start":{"line":36,"column":21},"end":{"line":36,"column":76}},"type":"binary-expr","locations":[{"start":{"line":36,"column":21},"end":{"line":36,"column":37}},{"start":{"line":36,"column":41},"end":{"line":36,"column":76}}],"line":36},"3":{"loc":{"start":{"line":52,"column":8},"end":{"line":57,"column":152}},"type":"cond-expr","locations":[{"start":{"line":53,"column":8},"end":{"line":53,"column":218}},{"start":{"line":57,"column":8},"end":{"line":57,"column":152}}],"line":52}},"s":{"0":0,"1":0,"2":0,"3":0,"4":0,"5":0,"6":0,"7":0,"8":0,"9":0,"10":0,"11":0,"12":0,"13":0,"14":0,"15":0,"16":0,"17":0,"18":0,"19":0,"20":0,"21":0,"22":0,"23":0,"24":0,"25":0,"26":0,"27":0,"28":0,"29":0,"30":0,"31":0},"f":{"0":0,"1":0,"2":0,"3":0,"4":0,"5":0,"6":0},"b":{"0":[0,0],"1":[0,0],"2":[0,0],"3":[0,0]}}
,"C:\\Users\\Ema Suriano\\git\\brastlewark-finder\\src\\screens\\Home\\index.js": {"path":"C:\\Users\\Ema Suriano\\git\\brastlewark-finder\\src\\screens\\Home\\index.js","statementMap":{"0":{"start":{"line":1,"column":13},"end":{"line":1,"column":75}},"1":{"start":{"line":1,"column":92},"end":{"line":1,"column":114}},"2":{"start":{"line":1,"column":133},"end":{"line":1,"column":167}},"3":{"start":{"line":1,"column":206},"end":{"line":1,"column":260}},"4":{"start":{"line":1,"column":261},"end":{"line":1,"column":299}}},"fnMap":{"0":{"name":"_interopRequireDefault","decl":{"start":{"line":1,"column":177},"end":{"line":1,"column":199}},"loc":{"start":{"line":1,"column":205},"end":{"line":1,"column":261}},"line":1}},"branchMap":{"0":{"loc":{"start":{"line":1,"column":213},"end":{"line":1,"column":259}},"type":"cond-expr","locations":[{"start":{"line":1,"column":237},"end":{"line":1,"column":240}},{"start":{"line":1,"column":243},"end":{"line":1,"column":259}}],"line":1},"1":{"loc":{"start":{"line":1,"column":213},"end":{"line":1,"column":234}},"type":"binary-expr","locations":[{"start":{"line":1,"column":213},"end":{"line":1,"column":216}},{"start":{"line":1,"column":220},"end":{"line":1,"column":234}}],"line":1}},"s":{"0":0,"1":0,"2":0,"3":0,"4":0},"f":{"0":0},"b":{"0":[0,0],"1":[0,0]}}
,"C:\\Users\\Ema Suriano\\git\\brastlewark-finder\\src\\screens\\Home\\components\\FiltersForm.js": {"path":"C:\\Users\\Ema Suriano\\git\\brastlewark-finder\\src\\screens\\Home\\components\\FiltersForm.js","statementMap":{"0":{"start":{"line":1,"column":13},"end":{"line":1,"column":75}},"1":{"start":{"line":1,"column":99},"end":{"line":1,"column":127}},"2":{"start":{"line":1,"column":153},"end":{"line":1,"column":194}},"3":{"start":{"line":1,"column":233},"end":{"line":1,"column":287}},"4":{"start":{"line":3,"column":20},"end":{"line":8,"column":1}},"5":{"start":{"line":8,"column":2},"end":{"line":10,"column":12}}},"fnMap":{"0":{"name":"_interopRequireDefault","decl":{"start":{"line":1,"column":204},"end":{"line":1,"column":226}},"loc":{"start":{"line":1,"column":232},"end":{"line":1,"column":288}},"line":1}},"branchMap":{"0":{"loc":{"start":{"line":1,"column":240},"end":{"line":1,"column":286}},"type":"cond-expr","locations":[{"start":{"line":1,"column":264},"end":{"line":1,"column":267}},{"start":{"line":1,"column":270},"end":{"line":1,"column":286}}],"line":1},"1":{"loc":{"start":{"line":1,"column":240},"end":{"line":1,"column":261}},"type":"binary-expr","locations":[{"start":{"line":1,"column":240},"end":{"line":1,"column":243}},{"start":{"line":1,"column":247},"end":{"line":1,"column":261}}],"line":1}},"s":{"0":0,"1":0,"2":0,"3":0,"4":0,"5":0},"f":{"0":0},"b":{"0":[0,0],"1":[0,0]}}
,"C:\\Users\\Ema Suriano\\git\\brastlewark-finder\\src\\screens\\Home\\components\\HomeGrid.js": {"path":"C:\\Users\\Ema Suriano\\git\\brastlewark-finder\\src\\screens\\Home\\components\\HomeGrid.js","statementMap":{"0":{"start":{"line":1,"column":13},"end":{"line":1,"column":75}},"1":{"start":{"line":1,"column":99},"end":{"line":1,"column":127}},"2":{"start":{"line":1,"column":153},"end":{"line":1,"column":194}},"3":{"start":{"line":1,"column":233},"end":{"line":1,"column":287}},"4":{"start":{"line":3,"column":17},"end":{"line":12,"column":1}},"5":{"start":{"line":12,"column":2},"end":{"line":14,"column":9}}},"fnMap":{"0":{"name":"_interopRequireDefault","decl":{"start":{"line":1,"column":204},"end":{"line":1,"column":226}},"loc":{"start":{"line":1,"column":232},"end":{"line":1,"column":288}},"line":1}},"branchMap":{"0":{"loc":{"start":{"line":1,"column":240},"end":{"line":1,"column":286}},"type":"cond-expr","locations":[{"start":{"line":1,"column":264},"end":{"line":1,"column":267}},{"start":{"line":1,"column":270},"end":{"line":1,"column":286}}],"line":1},"1":{"loc":{"start":{"line":1,"column":240},"end":{"line":1,"column":261}},"type":"binary-expr","locations":[{"start":{"line":1,"column":240},"end":{"line":1,"column":243}},{"start":{"line":1,"column":247},"end":{"line":1,"column":261}}],"line":1}},"s":{"0":0,"1":0,"2":0,"3":0,"4":0,"5":0},"f":{"0":0},"b":{"0":[0,0],"1":[0,0]}}
,"C:\\Users\\Ema Suriano\\git\\brastlewark-finder\\src\\screens\\Home\\components\\GnomeResult\\GnomeResult.js": {"path":"C:\\Users\\Ema Suriano\\git\\brastlewark-finder\\src\\screens\\Home\\components\\GnomeResult\\GnomeResult.js","statementMap":{"0":{"start":{"line":1,"column":13},"end":{"line":1,"column":75}},"1":{"start":{"line":1,"column":94},"end":{"line":1,"column":204}},"2":{"start":{"line":1,"column":218},"end":{"line":1,"column":234}},"3":{"start":{"line":1,"column":249},"end":{"line":1,"column":279}},"4":{"start":{"line":2,"column":17},"end":{"line":2,"column":38}},"5":{"start":{"line":2,"column":57},"end":{"line":2,"column":91}},"6":{"start":{"line":3,"column":19},"end":{"line":3,"column":42}},"7":{"start":{"line":4,"column":18},"end":{"line":4,"column":46}},"8":{"start":{"line":5,"column":13},"end":{"line":5,"column":31}},"9":{"start":{"line":5,"column":70},"end":{"line":5,"column":124}},"10":{"start":{"line":9,"column":15},"end":{"line":9,"column":34}},"11":{"start":{"line":10,"column":4},"end":{"line":18,"column":181}},"12":{"start":{"line":13,"column":8},"end":{"line":18,"column":178}},"13":{"start":{"line":26,"column":0},"end":{"line":27,"column":41}},"14":{"start":{"line":27,"column":41},"end":{"line":30,"column":12}}},"fnMap":{"0":{"name":"_interopRequireDefault","decl":{"start":{"line":5,"column":41},"end":{"line":5,"column":63}},"loc":{"start":{"line":5,"column":69},"end":{"line":5,"column":125}},"line":5},"1":{"name":"(anonymous_1)","decl":{"start":{"line":8,"column":2},"end":{"line":8,"column":3}},"loc":{"start":{"line":8,"column":11},"end":{"line":23,"column":3}},"line":8},"2":{"name":"(anonymous_2)","decl":{"start":{"line":12,"column":8},"end":{"line":12,"column":9}},"loc":{"start":{"line":13,"column":8},"end":{"line":18,"column":178}},"line":13}},"branchMap":{"0":{"loc":{"start":{"line":5,"column":77},"end":{"line":5,"column":123}},"type":"cond-expr","locations":[{"start":{"line":5,"column":101},"end":{"line":5,"column":104}},{"start":{"line":5,"column":107},"end":{"line":5,"column":123}}],"line":5},"1":{"loc":{"start":{"line":5,"column":77},"end":{"line":5,"column":98}},"type":"binary-expr","locations":[{"start":{"line":5,"column":77},"end":{"line":5,"column":80}},{"start":{"line":5,"column":84},"end":{"line":5,"column":98}}],"line":5},"2":{"loc":{"start":{"line":13,"column":8},"end":{"line":18,"column":178}},"type":"binary-expr","locations":[{"start":{"line":13,"column":8},"end":{"line":13,"column":15}},{"start":{"line":13,"column":19},"end":{"line":13,"column":141}},{"start":{"line":14,"column":8},"end":{"line":14,"column":13}},{"start":{"line":14,"column":17},"end":{"line":14,"column":166}},{"start":{"line":15,"column":8},"end":{"line":18,"column":177}}],"line":13},"3":{"loc":{"start":{"line":15,"column":8},"end":{"line":18,"column":177}},"type":"cond-expr","locations":[{"start":{"line":16,"column":8},"end":{"line":16,"column":156}},{"start":{"line":18,"column":8},"end":{"line":18,"column":177}}],"line":15}},"s":{"0":0,"1":0,"2":0,"3":0,"4":0,"5":0,"6":0,"7":0,"8":0,"9":0,"10":0,"11":0,"12":0,"13":0,"14":0},"f":{"0":0,"1":0,"2":0},"b":{"0":[0,0],"1":[0,0],"2":[0,0,0,0,0],"3":[0,0]}}
,"C:\\Users\\Ema Suriano\\git\\brastlewark-finder\\src\\screens\\Home\\components\\GnomeResult\\index.js": {"path":"C:\\Users\\Ema Suriano\\git\\brastlewark-finder\\src\\screens\\Home\\components\\GnomeResult\\index.js","statementMap":{"0":{"start":{"line":1,"column":13},"end":{"line":1,"column":75}},"1":{"start":{"line":1,"column":94},"end":{"line":1,"column":118}},"2":{"start":{"line":1,"column":139},"end":{"line":1,"column":175}},"3":{"start":{"line":1,"column":214},"end":{"line":1,"column":268}},"4":{"start":{"line":1,"column":269},"end":{"line":1,"column":309}}},"fnMap":{"0":{"name":"_interopRequireDefault","decl":{"start":{"line":1,"column":185},"end":{"line":1,"column":207}},"loc":{"start":{"line":1,"column":213},"end":{"line":1,"column":269}},"line":1}},"branchMap":{"0":{"loc":{"start":{"line":1,"column":221},"end":{"line":1,"column":267}},"type":"cond-expr","locations":[{"start":{"line":1,"column":245},"end":{"line":1,"column":248}},{"start":{"line":1,"column":251},"end":{"line":1,"column":267}}],"line":1},"1":{"loc":{"start":{"line":1,"column":221},"end":{"line":1,"column":242}},"type":"binary-expr","locations":[{"start":{"line":1,"column":221},"end":{"line":1,"column":224}},{"start":{"line":1,"column":228},"end":{"line":1,"column":242}}],"line":1}},"s":{"0":0,"1":0,"2":0,"3":0,"4":0},"f":{"0":0},"b":{"0":[0,0],"1":[0,0]}}
,"C:\\Users\\Ema Suriano\\git\\brastlewark-finder\\src\\screens\\Home\\components\\GnomeResult\\query.js": {"path":"C:\\Users\\Ema Suriano\\git\\brastlewark-finder\\src\\screens\\Home\\components\\GnomeResult\\query.js","statementMap":{"0":{"start":{"line":1,"column":13},"end":{"line":1,"column":75}},"1":{"start":{"line":1,"column":75},"end":{"line":1,"column":106}},"2":{"start":{"line":1,"column":124},"end":{"line":1,"column":146}},"3":{"start":{"line":1,"column":166},"end":{"line":1,"column":201}},"4":{"start":{"line":1,"column":240},"end":{"line":1,"column":294}},"5":{"start":{"line":3,"column":19},"end":{"line":12,"column":1}}},"fnMap":{"0":{"name":"_interopRequireDefault","decl":{"start":{"line":1,"column":211},"end":{"line":1,"column":233}},"loc":{"start":{"line":1,"column":239},"end":{"line":1,"column":295}},"line":1}},"branchMap":{"0":{"loc":{"start":{"line":1,"column":247},"end":{"line":1,"column":293}},"type":"cond-expr","locations":[{"start":{"line":1,"column":271},"end":{"line":1,"column":274}},{"start":{"line":1,"column":277},"end":{"line":1,"column":293}}],"line":1},"1":{"loc":{"start":{"line":1,"column":247},"end":{"line":1,"column":268}},"type":"binary-expr","locations":[{"start":{"line":1,"column":247},"end":{"line":1,"column":250}},{"start":{"line":1,"column":254},"end":{"line":1,"column":268}}],"line":1}},"s":{"0":0,"1":0,"2":0,"3":0,"4":0,"5":0},"f":{"0":0},"b":{"0":[0,0],"1":[0,0]}}
,"C:\\Users\\Ema Suriano\\git\\brastlewark-finder\\src\\screens\\Home\\components\\ProfessionSelector\\ProfessionSelector.js": {"path":"C:\\Users\\Ema Suriano\\git\\brastlewark-finder\\src\\screens\\Home\\components\\ProfessionSelector\\ProfessionSelector.js","statementMap":{"0":{"start":{"line":1,"column":13},"end":{"line":1,"column":75}},"1":{"start":{"line":1,"column":94},"end":{"line":1,"column":218}},"2":{"start":{"line":1,"column":232},"end":{"line":1,"column":248}},"3":{"start":{"line":1,"column":263},"end":{"line":1,"column":293}},"4":{"start":{"line":2,"column":17},"end":{"line":2,"column":38}},"5":{"start":{"line":2,"column":57},"end":{"line":2,"column":91}},"6":{"start":{"line":3,"column":19},"end":{"line":3,"column":42}},"7":{"start":{"line":3,"column":63},"end":{"line":3,"column":99}},"8":{"start":{"line":4,"column":24},"end":{"line":4,"column":52}},"9":{"start":{"line":4,"column":78},"end":{"line":4,"column":119}},"10":{"start":{"line":5,"column":0},"end":{"line":5,"column":46}},"11":{"start":{"line":6,"column":19},"end":{"line":6,"column":43}},"12":{"start":{"line":6,"column":64},"end":{"line":6,"column":100}},"13":{"start":{"line":6,"column":139},"end":{"line":6,"column":193}},"14":{"start":{"line":8,"column":16},"end":{"line":10,"column":23}},"15":{"start":{"line":8,"column":57},"end":{"line":10,"column":21}},"16":{"start":{"line":13,"column":21},"end":{"line":35,"column":1}},"17":{"start":{"line":18,"column":33},"end":{"line":18,"column":51}},"18":{"start":{"line":19,"column":33},"end":{"line":19,"column":51}},"19":{"start":{"line":20,"column":22},"end":{"line":20,"column":43}},"20":{"start":{"line":23,"column":39},"end":{"line":23,"column":57}},"21":{"start":{"line":26,"column":35},"end":{"line":26,"column":53}},"22":{"start":{"line":27,"column":24},"end":{"line":27,"column":45}},"23":{"start":{"line":32,"column":33},"end":{"line":32,"column":51}},"24":{"start":{"line":33,"column":22},"end":{"line":33,"column":43}},"25":{"start":{"line":37,"column":27},"end":{"line":44,"column":94}},"26":{"start":{"line":38,"column":0},"end":{"line":44,"column":94}},"27":{"start":{"line":39,"column":22},"end":{"line":39,"column":64}},"28":{"start":{"line":39,"column":57},"end":{"line":39,"column":62}},"29":{"start":{"line":48,"column":0},"end":{"line":49,"column":39}},"30":{"start":{"line":49,"column":39},"end":{"line":52,"column":19}}},"fnMap":{"0":{"name":"_interopRequireDefault","decl":{"start":{"line":6,"column":110},"end":{"line":6,"column":132}},"loc":{"start":{"line":6,"column":138},"end":{"line":6,"column":194}},"line":6},"1":{"name":"(anonymous_1)","decl":{"start":{"line":8,"column":42},"end":{"line":8,"column":43}},"loc":{"start":{"line":8,"column":57},"end":{"line":10,"column":21}},"line":8},"2":{"name":"(anonymous_2)","decl":{"start":{"line":18,"column":24},"end":{"line":18,"column":25}},"loc":{"start":{"line":18,"column":33},"end":{"line":18,"column":51}},"line":18},"3":{"name":"(anonymous_3)","decl":{"start":{"line":19,"column":24},"end":{"line":19,"column":25}},"loc":{"start":{"line":19,"column":33},"end":{"line":19,"column":51}},"line":19},"4":{"name":"(anonymous_4)","decl":{"start":{"line":20,"column":13},"end":{"line":20,"column":14}},"loc":{"start":{"line":20,"column":22},"end":{"line":20,"column":43}},"line":20},"5":{"name":"(anonymous_5)","decl":{"start":{"line":23,"column":30},"end":{"line":23,"column":31}},"loc":{"start":{"line":23,"column":39},"end":{"line":23,"column":57}},"line":23},"6":{"name":"(anonymous_6)","decl":{"start":{"line":26,"column":26},"end":{"line":26,"column":27}},"loc":{"start":{"line":26,"column":35},"end":{"line":26,"column":53}},"line":26},"7":{"name":"(anonymous_7)","decl":{"start":{"line":27,"column":15},"end":{"line":27,"column":16}},"loc":{"start":{"line":27,"column":24},"end":{"line":27,"column":45}},"line":27},"8":{"name":"(anonymous_8)","decl":{"start":{"line":32,"column":24},"end":{"line":32,"column":25}},"loc":{"start":{"line":32,"column":33},"end":{"line":32,"column":51}},"line":32},"9":{"name":"(anonymous_9)","decl":{"start":{"line":33,"column":13},"end":{"line":33,"column":14}},"loc":{"start":{"line":33,"column":22},"end":{"line":33,"column":43}},"line":33},"10":{"name":"(anonymous_10)","decl":{"start":{"line":37,"column":27},"end":{"line":37,"column":28}},"loc":{"start":{"line":38,"column":0},"end":{"line":44,"column":94}},"line":38},"11":{"name":"(anonymous_11)","decl":{"start":{"line":39,"column":12},"end":{"line":39,"column":13}},"loc":{"start":{"line":39,"column":22},"end":{"line":39,"column":64}},"line":39},"12":{"name":"(anonymous_12)","decl":{"start":{"line":39,"column":42},"end":{"line":39,"column":43}},"loc":{"start":{"line":39,"column":57},"end":{"line":39,"column":62}},"line":39}},"branchMap":{"0":{"loc":{"start":{"line":6,"column":146},"end":{"line":6,"column":192}},"type":"cond-expr","locations":[{"start":{"line":6,"column":170},"end":{"line":6,"column":173}},{"start":{"line":6,"column":176},"end":{"line":6,"column":192}}],"line":6},"1":{"loc":{"start":{"line":6,"column":146},"end":{"line":6,"column":167}},"type":"binary-expr","locations":[{"start":{"line":6,"column":146},"end":{"line":6,"column":149}},{"start":{"line":6,"column":153},"end":{"line":6,"column":167}}],"line":6}},"s":{"0":0,"1":0,"2":0,"3":0,"4":0,"5":0,"6":0,"7":0,"8":0,"9":0,"10":0,"11":0,"12":0,"13":0,"14":0,"15":0,"16":0,"17":0,"18":0,"19":0,"20":0,"21":0,"22":0,"23":0,"24":0,"25":0,"26":0,"27":0,"28":0,"29":0,"30":0},"f":{"0":0,"1":0,"2":0,"3":0,"4":0,"5":0,"6":0,"7":0,"8":0,"9":0,"10":0,"11":0,"12":0},"b":{"0":[0,0],"1":[0,0]}}
,"C:\\Users\\Ema Suriano\\git\\brastlewark-finder\\src\\screens\\Home\\components\\ProfessionSelector\\index.js": {"path":"C:\\Users\\Ema Suriano\\git\\brastlewark-finder\\src\\screens\\Home\\components\\ProfessionSelector\\index.js","statementMap":{"0":{"start":{"line":1,"column":13},"end":{"line":1,"column":75}},"1":{"start":{"line":1,"column":101},"end":{"line":1,"column":132}},"2":{"start":{"line":1,"column":160},"end":{"line":1,"column":203}},"3":{"start":{"line":1,"column":242},"end":{"line":1,"column":296}},"4":{"start":{"line":1,"column":297},"end":{"line":1,"column":344}}},"fnMap":{"0":{"name":"_interopRequireDefault","decl":{"start":{"line":1,"column":213},"end":{"line":1,"column":235}},"loc":{"start":{"line":1,"column":241},"end":{"line":1,"column":297}},"line":1}},"branchMap":{"0":{"loc":{"start":{"line":1,"column":249},"end":{"line":1,"column":295}},"type":"cond-expr","locations":[{"start":{"line":1,"column":273},"end":{"line":1,"column":276}},{"start":{"line":1,"column":279},"end":{"line":1,"column":295}}],"line":1},"1":{"loc":{"start":{"line":1,"column":249},"end":{"line":1,"column":270}},"type":"binary-expr","locations":[{"start":{"line":1,"column":249},"end":{"line":1,"column":252}},{"start":{"line":1,"column":256},"end":{"line":1,"column":270}}],"line":1}},"s":{"0":0,"1":0,"2":0,"3":0,"4":0},"f":{"0":0},"b":{"0":[0,0],"1":[0,0]}}
,"C:\\Users\\Ema Suriano\\git\\brastlewark-finder\\src\\screens\\Home\\components\\ProfessionSelector\\professions.js": {"path":"C:\\Users\\Ema Suriano\\git\\brastlewark-finder\\src\\screens\\Home\\components\\ProfessionSelector\\professions.js","statementMap":{"0":{"start":{"line":1,"column":13},"end":{"line":1,"column":75}},"1":{"start":{"line":1,"column":95},"end":{"line":26,"column":14}},"2":{"start":{"line":26,"column":15},"end":{"line":29,"column":12}}},"fnMap":{},"branchMap":{},"s":{"0":0,"1":0,"2":0},"f":{},"b":{}}
,"C:\\Users\\Ema Suriano\\git\\brastlewark-finder\\src\\shared\\components\\AppContainer.js": {"path":"C:\\Users\\Ema Suriano\\git\\brastlewark-finder\\src\\shared\\components\\AppContainer.js","statementMap":{"0":{"start":{"line":1,"column":13},"end":{"line":1,"column":75}},"1":{"start":{"line":1,"column":99},"end":{"line":1,"column":127}},"2":{"start":{"line":1,"column":153},"end":{"line":1,"column":194}},"3":{"start":{"line":1,"column":233},"end":{"line":1,"column":287}},"4":{"start":{"line":3,"column":21},"end":{"line":8,"column":1}},"5":{"start":{"line":4,"column":25},"end":{"line":4,"column":47}},"6":{"start":{"line":8,"column":2},"end":{"line":10,"column":13}}},"fnMap":{"0":{"name":"_interopRequireDefault","decl":{"start":{"line":1,"column":204},"end":{"line":1,"column":226}},"loc":{"start":{"line":1,"column":232},"end":{"line":1,"column":288}},"line":1},"1":{"name":"(anonymous_1)","decl":{"start":{"line":4,"column":16},"end":{"line":4,"column":17}},"loc":{"start":{"line":4,"column":25},"end":{"line":4,"column":47}},"line":4}},"branchMap":{"0":{"loc":{"start":{"line":1,"column":240},"end":{"line":1,"column":286}},"type":"cond-expr","locations":[{"start":{"line":1,"column":264},"end":{"line":1,"column":267}},{"start":{"line":1,"column":270},"end":{"line":1,"column":286}}],"line":1},"1":{"loc":{"start":{"line":1,"column":240},"end":{"line":1,"column":261}},"type":"binary-expr","locations":[{"start":{"line":1,"column":240},"end":{"line":1,"column":243}},{"start":{"line":1,"column":247},"end":{"line":1,"column":261}}],"line":1}},"s":{"0":0,"1":0,"2":0,"3":0,"4":0,"5":0,"6":0},"f":{"0":0,"1":0},"b":{"0":[0,0],"1":[0,0]}}
,"C:\\Users\\Ema Suriano\\git\\brastlewark-finder\\src\\shared\\components\\Button.js": {"path":"C:\\Users\\Ema Suriano\\git\\brastlewark-finder\\src\\shared\\components\\Button.js","statementMap":{"0":{"start":{"line":4,"column":22},"end":{"line":4,"column":33}},"1":{"start":{"line":4,"column":28},"end":{"line":4,"column":33}},"2":{"start":{"line":6,"column":15},"end":{"line":20,"column":1}},"3":{"start":{"line":7,"column":21},"end":{"line":7,"column":35}},"4":{"start":{"line":8,"column":21},"end":{"line":8,"column":67}},"5":{"start":{"line":14,"column":4},"end":{"line":14,"column":62}},"6":{"start":{"line":18,"column":4},"end":{"line":18,"column":62}},"7":{"start":{"line":19,"column":22},"end":{"line":19,"column":64}},"8":{"start":{"line":22,"column":0},"end":{"line":25,"column":2}},"9":{"start":{"line":27,"column":0},"end":{"line":30,"column":2}}},"fnMap":{"0":{"name":"(anonymous_0)","decl":{"start":{"line":4,"column":22},"end":{"line":4,"column":23}},"loc":{"start":{"line":4,"column":28},"end":{"line":4,"column":33}},"line":4},"1":{"name":"(anonymous_1)","decl":{"start":{"line":7,"column":12},"end":{"line":7,"column":13}},"loc":{"start":{"line":7,"column":21},"end":{"line":7,"column":35}},"line":7},"2":{"name":"(anonymous_2)","decl":{"start":{"line":8,"column":11},"end":{"line":8,"column":12}},"loc":{"start":{"line":8,"column":21},"end":{"line":8,"column":67}},"line":8},"3":{"name":"(anonymous_3)","decl":{"start":{"line":13,"column":16},"end":{"line":13,"column":17}},"loc":{"start":{"line":14,"column":4},"end":{"line":14,"column":62}},"line":14},"4":{"name":"(anonymous_4)","decl":{"start":{"line":17,"column":11},"end":{"line":17,"column":12}},"loc":{"start":{"line":18,"column":4},"end":{"line":18,"column":62}},"line":18},"5":{"name":"(anonymous_5)","decl":{"start":{"line":19,"column":12},"end":{"line":19,"column":13}},"loc":{"start":{"line":19,"column":22},"end":{"line":19,"column":64}},"line":19}},"branchMap":{"0":{"loc":{"start":{"line":8,"column":21},"end":{"line":8,"column":67}},"type":"cond-expr","locations":[{"start":{"line":8,"column":38},"end":{"line":8,"column":51}},{"start":{"line":8,"column":54},"end":{"line":8,"column":67}}],"line":8},"1":{"loc":{"start":{"line":14,"column":4},"end":{"line":14,"column":62}},"type":"cond-expr","locations":[{"start":{"line":14,"column":21},"end":{"line":14,"column":41}},{"start":{"line":14,"column":44},"end":{"line":14,"column":62}}],"line":14},"2":{"loc":{"start":{"line":18,"column":4},"end":{"line":18,"column":62}},"type":"cond-expr","locations":[{"start":{"line":18,"column":21},"end":{"line":18,"column":42}},{"start":{"line":18,"column":45},"end":{"line":18,"column":62}}],"line":18},"3":{"loc":{"start":{"line":19,"column":22},"end":{"line":19,"column":64}},"type":"cond-expr","locations":[{"start":{"line":19,"column":39},"end":{"line":19,"column":52}},{"start":{"line":19,"column":55},"end":{"line":19,"column":64}}],"line":19}},"s":{"0":1,"1":0,"2":1,"3":3,"4":3,"5":3,"6":3,"7":3,"8":1,"9":1},"f":{"0":0,"1":3,"2":3,"3":3,"4":3,"5":3},"b":{"0":[1,2],"1":[1,2],"2":[1,2],"3":[1,2]},"_coverageSchema":"332fd63041d2c1bcb487cc26dd0d5f7d97098a6c","hash":"88bc9be80cff6078122dba9de1ce954e194c2e8c"}
,"C:\\Users\\Ema Suriano\\git\\brastlewark-finder\\src\\shared\\components\\Message.js": {"path":"C:\\Users\\Ema Suriano\\git\\brastlewark-finder\\src\\shared\\components\\Message.js","statementMap":{"0":{"start":{"line":1,"column":13},"end":{"line":1,"column":75}},"1":{"start":{"line":1,"column":99},"end":{"line":1,"column":127}},"2":{"start":{"line":1,"column":153},"end":{"line":1,"column":194}},"3":{"start":{"line":2,"column":17},"end":{"line":2,"column":38}},"4":{"start":{"line":2,"column":57},"end":{"line":2,"column":91}},"5":{"start":{"line":2,"column":130},"end":{"line":2,"column":184}},"6":{"start":{"line":4,"column":16},"end":{"line":8,"column":1}},"7":{"start":{"line":5,"column":20},"end":{"line":5,"column":44}},"8":{"start":{"line":6,"column":26},"end":{"line":6,"column":57}},"9":{"start":{"line":7,"column":24},"end":{"line":7,"column":38}},"10":{"start":{"line":10,"column":0},"end":{"line":14,"column":41}},"11":{"start":{"line":17,"column":0},"end":{"line":20,"column":24}},"12":{"start":{"line":20,"column":24},"end":{"line":23,"column":8}}},"fnMap":{"0":{"name":"_interopRequireDefault","decl":{"start":{"line":2,"column":101},"end":{"line":2,"column":123}},"loc":{"start":{"line":2,"column":129},"end":{"line":2,"column":185}},"line":2},"1":{"name":"(anonymous_1)","decl":{"start":{"line":5,"column":11},"end":{"line":5,"column":12}},"loc":{"start":{"line":5,"column":20},"end":{"line":5,"column":44}},"line":5},"2":{"name":"(anonymous_2)","decl":{"start":{"line":6,"column":17},"end":{"line":6,"column":18}},"loc":{"start":{"line":6,"column":26},"end":{"line":6,"column":57}},"line":6},"3":{"name":"(anonymous_3)","decl":{"start":{"line":7,"column":15},"end":{"line":7,"column":16}},"loc":{"start":{"line":7,"column":24},"end":{"line":7,"column":38}},"line":7}},"branchMap":{"0":{"loc":{"start":{"line":2,"column":137},"end":{"line":2,"column":183}},"type":"cond-expr","locations":[{"start":{"line":2,"column":161},"end":{"line":2,"column":164}},{"start":{"line":2,"column":167},"end":{"line":2,"column":183}}],"line":2},"1":{"loc":{"start":{"line":2,"column":137},"end":{"line":2,"column":158}},"type":"binary-expr","locations":[{"start":{"line":2,"column":137},"end":{"line":2,"column":140}},{"start":{"line":2,"column":144},"end":{"line":2,"column":158}}],"line":2},"2":{"loc":{"start":{"line":6,"column":26},"end":{"line":6,"column":57}},"type":"cond-expr","locations":[{"start":{"line":6,"column":39},"end":{"line":6,"column":45}},{"start":{"line":6,"column":48},"end":{"line":6,"column":57}}],"line":6}},"s":{"0":0,"1":0,"2":0,"3":0,"4":0,"5":0,"6":0,"7":0,"8":0,"9":0,"10":0,"11":0,"12":0},"f":{"0":0,"1":0,"2":0,"3":0},"b":{"0":[0,0],"1":[0,0],"2":[0,0]}}
,"C:\\Users\\Ema Suriano\\git\\brastlewark-finder\\src\\shared\\components\\Picture.js": {"path":"C:\\Users\\Ema Suriano\\git\\brastlewark-finder\\src\\shared\\components\\Picture.js","statementMap":{"0":{"start":{"line":1,"column":13},"end":{"line":1,"column":75}},"1":{"start":{"line":1,"column":99},"end":{"line":1,"column":127}},"2":{"start":{"line":1,"column":153},"end":{"line":1,"column":194}},"3":{"start":{"line":2,"column":17},"end":{"line":2,"column":38}},"4":{"start":{"line":2,"column":57},"end":{"line":2,"column":91}},"5":{"start":{"line":2,"column":130},"end":{"line":2,"column":184}},"6":{"start":{"line":4,"column":16},"end":{"line":14,"column":1}},"7":{"start":{"line":7,"column":20},"end":{"line":7,"column":30}},"8":{"start":{"line":8,"column":21},"end":{"line":8,"column":31}},"9":{"start":{"line":13,"column":25},"end":{"line":13,"column":46}},"10":{"start":{"line":16,"column":0},"end":{"line":18,"column":37}},"11":{"start":{"line":18,"column":37},"end":{"line":21,"column":8}}},"fnMap":{"0":{"name":"_interopRequireDefault","decl":{"start":{"line":2,"column":101},"end":{"line":2,"column":123}},"loc":{"start":{"line":2,"column":129},"end":{"line":2,"column":185}},"line":2},"1":{"name":"(anonymous_1)","decl":{"start":{"line":7,"column":11},"end":{"line":7,"column":12}},"loc":{"start":{"line":7,"column":20},"end":{"line":7,"column":30}},"line":7},"2":{"name":"(anonymous_2)","decl":{"start":{"line":8,"column":12},"end":{"line":8,"column":13}},"loc":{"start":{"line":8,"column":21},"end":{"line":8,"column":31}},"line":8},"3":{"name":"(anonymous_3)","decl":{"start":{"line":13,"column":16},"end":{"line":13,"column":17}},"loc":{"start":{"line":13,"column":25},"end":{"line":13,"column":46}},"line":13}},"branchMap":{"0":{"loc":{"start":{"line":2,"column":137},"end":{"line":2,"column":183}},"type":"cond-expr","locations":[{"start":{"line":2,"column":161},"end":{"line":2,"column":164}},{"start":{"line":2,"column":167},"end":{"line":2,"column":183}}],"line":2},"1":{"loc":{"start":{"line":2,"column":137},"end":{"line":2,"column":158}},"type":"binary-expr","locations":[{"start":{"line":2,"column":137},"end":{"line":2,"column":140}},{"start":{"line":2,"column":144},"end":{"line":2,"column":158}}],"line":2}},"s":{"0":0,"1":0,"2":0,"3":0,"4":0,"5":0,"6":0,"7":0,"8":0,"9":0,"10":0,"11":0},"f":{"0":0,"1":0,"2":0,"3":0},"b":{"0":[0,0],"1":[0,0]}}
,"C:\\Users\\Ema Suriano\\git\\brastlewark-finder\\src\\shared\\components\\ProfessionTag.js": {"path":"C:\\Users\\Ema Suriano\\git\\brastlewark-finder\\src\\shared\\components\\ProfessionTag.js","statementMap":{"0":{"start":{"line":1,"column":13},"end":{"line":1,"column":75}},"1":{"start":{"line":1,"column":99},"end":{"line":1,"column":127}},"2":{"start":{"line":1,"column":153},"end":{"line":1,"column":194}},"3":{"start":{"line":1,"column":233},"end":{"line":1,"column":287}},"4":{"start":{"line":3,"column":22},"end":{"line":14,"column":1}},"5":{"start":{"line":5,"column":31},"end":{"line":5,"column":49}},"6":{"start":{"line":6,"column":31},"end":{"line":6,"column":49}},"7":{"start":{"line":7,"column":20},"end":{"line":7,"column":41}},"8":{"start":{"line":14,"column":2},"end":{"line":16,"column":14}}},"fnMap":{"0":{"name":"_interopRequireDefault","decl":{"start":{"line":1,"column":204},"end":{"line":1,"column":226}},"loc":{"start":{"line":1,"column":232},"end":{"line":1,"column":288}},"line":1},"1":{"name":"(anonymous_1)","decl":{"start":{"line":5,"column":22},"end":{"line":5,"column":23}},"loc":{"start":{"line":5,"column":31},"end":{"line":5,"column":49}},"line":5},"2":{"name":"(anonymous_2)","decl":{"start":{"line":6,"column":22},"end":{"line":6,"column":23}},"loc":{"start":{"line":6,"column":31},"end":{"line":6,"column":49}},"line":6},"3":{"name":"(anonymous_3)","decl":{"start":{"line":7,"column":11},"end":{"line":7,"column":12}},"loc":{"start":{"line":7,"column":20},"end":{"line":7,"column":41}},"line":7}},"branchMap":{"0":{"loc":{"start":{"line":1,"column":240},"end":{"line":1,"column":286}},"type":"cond-expr","locations":[{"start":{"line":1,"column":264},"end":{"line":1,"column":267}},{"start":{"line":1,"column":270},"end":{"line":1,"column":286}}],"line":1},"1":{"loc":{"start":{"line":1,"column":240},"end":{"line":1,"column":261}},"type":"binary-expr","locations":[{"start":{"line":1,"column":240},"end":{"line":1,"column":243}},{"start":{"line":1,"column":247},"end":{"line":1,"column":261}}],"line":1}},"s":{"0":0,"1":0,"2":0,"3":0,"4":0,"5":0,"6":0,"7":0,"8":0},"f":{"0":0,"1":0,"2":0,"3":0},"b":{"0":[0,0],"1":[0,0]}}
,"C:\\Users\\Ema Suriano\\git\\brastlewark-finder\\src\\shared\\components\\Spinner.js": {"path":"C:\\Users\\Ema Suriano\\git\\brastlewark-finder\\src\\shared\\components\\Spinner.js","statementMap":{"0":{"start":{"line":1,"column":13},"end":{"line":1,"column":75}},"1":{"start":{"line":1,"column":94},"end":{"line":1,"column":180}},"2":{"start":{"line":1,"column":194},"end":{"line":1,"column":210}},"3":{"start":{"line":1,"column":225},"end":{"line":1,"column":255}},"4":{"start":{"line":2,"column":23},"end":{"line":2,"column":51}},"5":{"start":{"line":2,"column":76},"end":{"line":2,"column":116}},"6":{"start":{"line":3,"column":24},"end":{"line":3,"column":52}},"7":{"start":{"line":3,"column":91},"end":{"line":3,"column":145}},"8":{"start":{"line":5,"column":16},"end":{"line":5,"column":199}},"9":{"start":{"line":5,"column":31},"end":{"line":5,"column":199}},"10":{"start":{"line":5,"column":200},"end":{"line":7,"column":42}}},"fnMap":{"0":{"name":"_interopRequireDefault","decl":{"start":{"line":3,"column":62},"end":{"line":3,"column":84}},"loc":{"start":{"line":3,"column":90},"end":{"line":3,"column":146}},"line":3},"1":{"name":"(anonymous_1)","decl":{"start":{"line":5,"column":16},"end":{"line":5,"column":17}},"loc":{"start":{"line":5,"column":31},"end":{"line":5,"column":199}},"line":5}},"branchMap":{"0":{"loc":{"start":{"line":3,"column":98},"end":{"line":3,"column":144}},"type":"cond-expr","locations":[{"start":{"line":3,"column":122},"end":{"line":3,"column":125}},{"start":{"line":3,"column":128},"end":{"line":3,"column":144}}],"line":3},"1":{"loc":{"start":{"line":3,"column":98},"end":{"line":3,"column":119}},"type":"binary-expr","locations":[{"start":{"line":3,"column":98},"end":{"line":3,"column":101}},{"start":{"line":3,"column":105},"end":{"line":3,"column":119}}],"line":3}},"s":{"0":0,"1":0,"2":0,"3":0,"4":0,"5":0,"6":0,"7":0,"8":0,"9":0,"10":0},"f":{"0":0,"1":0},"b":{"0":[0,0],"1":[0,0]}}
,"C:\\Users\\Ema Suriano\\git\\brastlewark-finder\\src\\shared\\components\\TextField.js": {"path":"C:\\Users\\Ema Suriano\\git\\brastlewark-finder\\src\\shared\\components\\TextField.js","statementMap":{"0":{"start":{"line":1,"column":13},"end":{"line":1,"column":75}},"1":{"start":{"line":1,"column":94},"end":{"line":1,"column":182}},"2":{"start":{"line":1,"column":196},"end":{"line":1,"column":212}},"3":{"start":{"line":1,"column":227},"end":{"line":1,"column":257}},"4":{"start":{"line":2,"column":24},"end":{"line":2,"column":52}},"5":{"start":{"line":2,"column":78},"end":{"line":2,"column":119}},"6":{"start":{"line":3,"column":17},"end":{"line":3,"column":38}},"7":{"start":{"line":3,"column":57},"end":{"line":3,"column":91}},"8":{"start":{"line":3,"column":130},"end":{"line":3,"column":184}},"9":{"start":{"line":3,"column":244},"end":{"line":3,"column":246}},"10":{"start":{"line":3,"column":247},"end":{"line":3,"column":382}},"11":{"start":{"line":3,"column":267},"end":{"line":3,"column":302}},"12":{"start":{"line":3,"column":293},"end":{"line":3,"column":302}},"13":{"start":{"line":3,"column":302},"end":{"line":3,"column":362}},"14":{"start":{"line":3,"column":353},"end":{"line":3,"column":362}},"15":{"start":{"line":3,"column":362},"end":{"line":3,"column":381}},"16":{"start":{"line":3,"column":382},"end":{"line":3,"column":396}},"17":{"start":{"line":5,"column":14},"end":{"line":12,"column":1}},"18":{"start":{"line":8,"column":20},"end":{"line":8,"column":41}},"19":{"start":{"line":9,"column":25},"end":{"line":9,"column":42}},"20":{"start":{"line":14,"column":18},"end":{"line":18,"column":90}},"21":{"start":{"line":14,"column":44},"end":{"line":14,"column":57}},"22":{"start":{"line":14,"column":65},"end":{"line":14,"column":109}},"23":{"start":{"line":14,"column":110},"end":{"line":18,"column":89}},"24":{"start":{"line":17,"column":43},"end":{"line":17,"column":58}},"25":{"start":{"line":22,"column":0},"end":{"line":24,"column":39}},"26":{"start":{"line":24,"column":39},"end":{"line":27,"column":10}}},"fnMap":{"0":{"name":"_interopRequireDefault","decl":{"start":{"line":3,"column":101},"end":{"line":3,"column":123}},"loc":{"start":{"line":3,"column":129},"end":{"line":3,"column":185}},"line":3},"1":{"name":"_objectWithoutProperties","decl":{"start":{"line":3,"column":194},"end":{"line":3,"column":218}},"loc":{"start":{"line":3,"column":230},"end":{"line":3,"column":397}},"line":3},"2":{"name":"(anonymous_2)","decl":{"start":{"line":8,"column":11},"end":{"line":8,"column":12}},"loc":{"start":{"line":8,"column":20},"end":{"line":8,"column":41}},"line":8},"3":{"name":"(anonymous_3)","decl":{"start":{"line":9,"column":16},"end":{"line":9,"column":17}},"loc":{"start":{"line":9,"column":25},"end":{"line":9,"column":42}},"line":9},"4":{"name":"(anonymous_4)","decl":{"start":{"line":14,"column":18},"end":{"line":14,"column":19}},"loc":{"start":{"line":14,"column":28},"end":{"line":18,"column":90}},"line":14},"5":{"name":"(anonymous_5)","decl":{"start":{"line":17,"column":16},"end":{"line":17,"column":17}},"loc":{"start":{"line":17,"column":43},"end":{"line":17,"column":58}},"line":17}},"branchMap":{"0":{"loc":{"start":{"line":3,"column":137},"end":{"line":3,"column":183}},"type":"cond-expr","locations":[{"start":{"line":3,"column":161},"end":{"line":3,"column":164}},{"start":{"line":3,"column":167},"end":{"line":3,"column":183}}],"line":3},"1":{"loc":{"start":{"line":3,"column":137},"end":{"line":3,"column":158}},"type":"binary-expr","locations":[{"start":{"line":3,"column":137},"end":{"line":3,"column":140}},{"start":{"line":3,"column":144},"end":{"line":3,"column":158}}],"line":3},"2":{"loc":{"start":{"line":3,"column":267},"end":{"line":3,"column":302}},"type":"if","locations":[{"start":{"line":3,"column":267},"end":{"line":3,"column":302}},{"start":{"line":3,"column":267},"end":{"line":3,"column":302}}],"line":3},"3":{"loc":{"start":{"line":3,"column":302},"end":{"line":3,"column":362}},"type":"if","locations":[{"start":{"line":3,"column":302},"end":{"line":3,"column":362}},{"start":{"line":3,"column":302},"end":{"line":3,"column":362}}],"line":3}},"s":{"0":0,"1":0,"2":0,"3":0,"4":0,"5":0,"6":0,"7":0,"8":0,"9":0,"10":0,"11":0,"12":0,"13":0,"14":0,"15":0,"16":0,"17":0,"18":0,"19":0,"20":0,"21":0,"22":0,"23":0,"24":0,"25":0,"26":0},"f":{"0":0,"1":0,"2":0,"3":0,"4":0,"5":0},"b":{"0":[0,0],"1":[0,0],"2":[0,0],"3":[0,0]}}
,"C:\\Users\\Ema Suriano\\git\\brastlewark-finder\\src\\shared\\components\\Title.js": {"path":"C:\\Users\\Ema Suriano\\git\\brastlewark-finder\\src\\shared\\components\\Title.js","statementMap":{"0":{"start":{"line":5,"column":14},"end":{"line":10,"column":1}},"1":{"start":{"line":6,"column":20},"end":{"line":6,"column":44}},"2":{"start":{"line":9,"column":24},"end":{"line":9,"column":38}},"3":{"start":{"line":12,"column":0},"end":{"line":16,"column":2}},"4":{"start":{"line":18,"column":0},"end":{"line":21,"column":2}}},"fnMap":{"0":{"name":"(anonymous_0)","decl":{"start":{"line":6,"column":11},"end":{"line":6,"column":12}},"loc":{"start":{"line":6,"column":20},"end":{"line":6,"column":44}},"line":6},"1":{"name":"(anonymous_1)","decl":{"start":{"line":9,"column":15},"end":{"line":9,"column":16}},"loc":{"start":{"line":9,"column":24},"end":{"line":9,"column":38}},"line":9}},"branchMap":{},"s":{"0":1,"1":3,"2":3,"3":1,"4":1},"f":{"0":3,"1":3},"b":{},"_coverageSchema":"332fd63041d2c1bcb487cc26dd0d5f7d97098a6c","hash":"3145ba00d658d58204d0e6756cc16100f9526ab8"}
,"C:\\Users\\Ema Suriano\\git\\brastlewark-finder\\src\\shared\\components\\index.js": {"path":"C:\\Users\\Ema Suriano\\git\\brastlewark-finder\\src\\shared\\components\\index.js","statementMap":{"0":{"start":{"line":1,"column":13},"end":{"line":1,"column":75}},"1":{"start":{"line":1,"column":75},"end":{"line":1,"column":259}},"2":{"start":{"line":1,"column":279},"end":{"line":1,"column":304}},"3":{"start":{"line":1,"column":326},"end":{"line":1,"column":363}},"4":{"start":{"line":2,"column":14},"end":{"line":2,"column":33}},"5":{"start":{"line":2,"column":49},"end":{"line":2,"column":80}},"6":{"start":{"line":3,"column":15},"end":{"line":3,"column":35}},"7":{"start":{"line":3,"column":52},"end":{"line":3,"column":84}},"8":{"start":{"line":4,"column":17},"end":{"line":4,"column":39}},"9":{"start":{"line":4,"column":58},"end":{"line":4,"column":92}},"10":{"start":{"line":5,"column":13},"end":{"line":5,"column":31}},"11":{"start":{"line":5,"column":46},"end":{"line":5,"column":76}},"12":{"start":{"line":6,"column":15},"end":{"line":6,"column":35}},"13":{"start":{"line":6,"column":52},"end":{"line":6,"column":84}},"14":{"start":{"line":7,"column":15},"end":{"line":7,"column":35}},"15":{"start":{"line":7,"column":52},"end":{"line":7,"column":84}},"16":{"start":{"line":8,"column":17},"end":{"line":8,"column":39}},"17":{"start":{"line":8,"column":58},"end":{"line":8,"column":92}},"18":{"start":{"line":9,"column":21},"end":{"line":9,"column":47}},"19":{"start":{"line":9,"column":70},"end":{"line":9,"column":108}},"20":{"start":{"line":9,"column":147},"end":{"line":9,"column":201}},"21":{"start":{"line":9,"column":202},"end":{"line":12,"column":38}},"22":{"start":{"line":12,"column":38},"end":{"line":13,"column":26}},"23":{"start":{"line":13,"column":26},"end":{"line":14,"column":28}},"24":{"start":{"line":14,"column":28},"end":{"line":15,"column":32}},"25":{"start":{"line":15,"column":32},"end":{"line":16,"column":24}},"26":{"start":{"line":16,"column":24},"end":{"line":17,"column":28}},"27":{"start":{"line":17,"column":28},"end":{"line":18,"column":28}},"28":{"start":{"line":18,"column":28},"end":{"line":19,"column":32}},"29":{"start":{"line":19,"column":32},"end":{"line":20,"column":40}}},"fnMap":{"0":{"name":"_interopRequireDefault","decl":{"start":{"line":9,"column":118},"end":{"line":9,"column":140}},"loc":{"start":{"line":9,"column":146},"end":{"line":9,"column":202}},"line":9}},"branchMap":{"0":{"loc":{"start":{"line":9,"column":154},"end":{"line":9,"column":200}},"type":"cond-expr","locations":[{"start":{"line":9,"column":178},"end":{"line":9,"column":181}},{"start":{"line":9,"column":184},"end":{"line":9,"column":200}}],"line":9},"1":{"loc":{"start":{"line":9,"column":154},"end":{"line":9,"column":175}},"type":"binary-expr","locations":[{"start":{"line":9,"column":154},"end":{"line":9,"column":157}},{"start":{"line":9,"column":161},"end":{"line":9,"column":175}}],"line":9}},"s":{"0":0,"1":0,"2":0,"3":0,"4":0,"5":0,"6":0,"7":0,"8":0,"9":0,"10":0,"11":0,"12":0,"13":0,"14":0,"15":0,"16":0,"17":0,"18":0,"19":0,"20":0,"21":0,"22":0,"23":0,"24":0,"25":0,"26":0,"27":0,"28":0,"29":0},"f":{"0":0},"b":{"0":[0,0],"1":[0,0]}}
,"C:\\Users\\Ema Suriano\\git\\brastlewark-finder\\src\\shared\\components\\GnomeList\\GnomeCard.js": {"path":"C:\\Users\\Ema Suriano\\git\\brastlewark-finder\\src\\shared\\components\\GnomeList\\GnomeCard.js","statementMap":{"0":{"start":{"line":1,"column":13},"end":{"line":1,"column":75}},"1":{"start":{"line":1,"column":94},"end":{"line":1,"column":193}},"2":{"start":{"line":1,"column":207},"end":{"line":1,"column":223}},"3":{"start":{"line":1,"column":238},"end":{"line":1,"column":268}},"4":{"start":{"line":2,"column":24},"end":{"line":2,"column":52}},"5":{"start":{"line":2,"column":78},"end":{"line":2,"column":119}},"6":{"start":{"line":3,"column":22},"end":{"line":3,"column":49}},"7":{"start":{"line":4,"column":15},"end":{"line":4,"column":36}},"8":{"start":{"line":4,"column":53},"end":{"line":4,"column":85}},"9":{"start":{"line":5,"column":15},"end":{"line":5,"column":36}},"10":{"start":{"line":5,"column":53},"end":{"line":5,"column":85}},"11":{"start":{"line":6,"column":21},"end":{"line":6,"column":48}},"12":{"start":{"line":6,"column":71},"end":{"line":6,"column":109}},"13":{"start":{"line":6,"column":148},"end":{"line":6,"column":202}},"14":{"start":{"line":8,"column":17},"end":{"line":29,"column":1}},"15":{"start":{"line":21,"column":35},"end":{"line":21,"column":56}},"16":{"start":{"line":22,"column":25},"end":{"line":22,"column":46}},"17":{"start":{"line":25,"column":39},"end":{"line":25,"column":60}},"18":{"start":{"line":26,"column":29},"end":{"line":26,"column":50}},"19":{"start":{"line":31,"column":25},"end":{"line":36,"column":1}},"20":{"start":{"line":38,"column":21},"end":{"line":40,"column":1}},"21":{"start":{"line":42,"column":18},"end":{"line":45,"column":1}},"22":{"start":{"line":47,"column":25},"end":{"line":49,"column":1}},"23":{"start":{"line":51,"column":19},"end":{"line":61,"column":1}},"24":{"start":{"line":63,"column":24},"end":{"line":63,"column":25}},"25":{"start":{"line":65,"column":18},"end":{"line":90,"column":1}},"26":{"start":{"line":69,"column":2},"end":{"line":73,"column":13}},"27":{"start":{"line":75,"column":2},"end":{"line":84,"column":164}},"28":{"start":{"line":84,"column":10},"end":{"line":84,"column":158}},"29":{"start":{"line":90,"column":2},"end":{"line":92,"column":10}}},"fnMap":{"0":{"name":"_interopRequireDefault","decl":{"start":{"line":6,"column":119},"end":{"line":6,"column":141}},"loc":{"start":{"line":6,"column":147},"end":{"line":6,"column":203}},"line":6},"1":{"name":"(anonymous_1)","decl":{"start":{"line":21,"column":26},"end":{"line":21,"column":27}},"loc":{"start":{"line":21,"column":35},"end":{"line":21,"column":56}},"line":21},"2":{"name":"(anonymous_2)","decl":{"start":{"line":22,"column":16},"end":{"line":22,"column":17}},"loc":{"start":{"line":22,"column":25},"end":{"line":22,"column":46}},"line":22},"3":{"name":"(anonymous_3)","decl":{"start":{"line":25,"column":30},"end":{"line":25,"column":31}},"loc":{"start":{"line":25,"column":39},"end":{"line":25,"column":60}},"line":25},"4":{"name":"(anonymous_4)","decl":{"start":{"line":26,"column":20},"end":{"line":26,"column":21}},"loc":{"start":{"line":26,"column":29},"end":{"line":26,"column":50}},"line":26},"5":{"name":"(anonymous_5)","decl":{"start":{"line":65,"column":18},"end":{"line":65,"column":19}},"loc":{"start":{"line":67,"column":0},"end":{"line":90,"column":1}},"line":67},"6":{"name":"(anonymous_6)","decl":{"start":{"line":83,"column":30},"end":{"line":83,"column":31}},"loc":{"start":{"line":84,"column":10},"end":{"line":84,"column":158}},"line":84}},"branchMap":{"0":{"loc":{"start":{"line":6,"column":155},"end":{"line":6,"column":201}},"type":"cond-expr","locations":[{"start":{"line":6,"column":179},"end":{"line":6,"column":182}},{"start":{"line":6,"column":185},"end":{"line":6,"column":201}}],"line":6},"1":{"loc":{"start":{"line":6,"column":155},"end":{"line":6,"column":176}},"type":"binary-expr","locations":[{"start":{"line":6,"column":155},"end":{"line":6,"column":158}},{"start":{"line":6,"column":162},"end":{"line":6,"column":176}}],"line":6},"2":{"loc":{"start":{"line":69,"column":2},"end":{"line":73,"column":13}},"type":"cond-expr","locations":[{"start":{"line":70,"column":2},"end":{"line":72,"column":52}},{"start":{"line":73,"column":2},"end":{"line":73,"column":13}}],"line":69}},"s":{"0":0,"1":0,"2":0,"3":0,"4":0,"5":0,"6":0,"7":0,"8":0,"9":0,"10":0,"11":0,"12":0,"13":0,"14":0,"15":0,"16":0,"17":0,"18":0,"19":0,"20":0,"21":0,"22":0,"23":0,"24":0,"25":0,"26":0,"27":0,"28":0,"29":0},"f":{"0":0,"1":0,"2":0,"3":0,"4":0,"5":0,"6":0},"b":{"0":[0,0],"1":[0,0],"2":[0,0]}}
,"C:\\Users\\Ema Suriano\\git\\brastlewark-finder\\src\\shared\\components\\GnomeList\\GnomeList.js": {"path":"C:\\Users\\Ema Suriano\\git\\brastlewark-finder\\src\\shared\\components\\GnomeList\\GnomeList.js","statementMap":{"0":{"start":{"line":1,"column":13},"end":{"line":1,"column":75}},"1":{"start":{"line":1,"column":94},"end":{"line":1,"column":193}},"2":{"start":{"line":1,"column":207},"end":{"line":1,"column":223}},"3":{"start":{"line":1,"column":238},"end":{"line":1,"column":268}},"4":{"start":{"line":2,"column":17},"end":{"line":2,"column":39}},"5":{"start":{"line":2,"column":58},"end":{"line":2,"column":92}},"6":{"start":{"line":3,"column":26},"end":{"line":3,"column":57}},"7":{"start":{"line":3,"column":85},"end":{"line":3,"column":128}},"8":{"start":{"line":4,"column":17},"end":{"line":4,"column":38}},"9":{"start":{"line":4,"column":57},"end":{"line":4,"column":91}},"10":{"start":{"line":4,"column":130},"end":{"line":4,"column":184}},"11":{"start":{"line":6,"column":18},"end":{"line":8,"column":191}},"12":{"start":{"line":7,"column":0},"end":{"line":8,"column":191}},"13":{"start":{"line":8,"column":22},"end":{"line":8,"column":189}},"14":{"start":{"line":12,"column":0},"end":{"line":13,"column":68}},"15":{"start":{"line":13,"column":68},"end":{"line":16,"column":10}}},"fnMap":{"0":{"name":"_interopRequireDefault","decl":{"start":{"line":4,"column":101},"end":{"line":4,"column":123}},"loc":{"start":{"line":4,"column":129},"end":{"line":4,"column":185}},"line":4},"1":{"name":"(anonymous_1)","decl":{"start":{"line":6,"column":18},"end":{"line":6,"column":19}},"loc":{"start":{"line":7,"column":0},"end":{"line":8,"column":191}},"line":7},"2":{"name":"(anonymous_2)","decl":{"start":{"line":8,"column":13},"end":{"line":8,"column":14}},"loc":{"start":{"line":8,"column":22},"end":{"line":8,"column":189}},"line":8}},"branchMap":{"0":{"loc":{"start":{"line":4,"column":137},"end":{"line":4,"column":183}},"type":"cond-expr","locations":[{"start":{"line":4,"column":161},"end":{"line":4,"column":164}},{"start":{"line":4,"column":167},"end":{"line":4,"column":183}}],"line":4},"1":{"loc":{"start":{"line":4,"column":137},"end":{"line":4,"column":158}},"type":"binary-expr","locations":[{"start":{"line":4,"column":137},"end":{"line":4,"column":140}},{"start":{"line":4,"column":144},"end":{"line":4,"column":158}}],"line":4}},"s":{"0":0,"1":0,"2":0,"3":0,"4":0,"5":0,"6":0,"7":0,"8":0,"9":0,"10":0,"11":0,"12":0,"13":0,"14":0,"15":0},"f":{"0":0,"1":0,"2":0},"b":{"0":[0,0],"1":[0,0]}}
,"C:\\Users\\Ema Suriano\\git\\brastlewark-finder\\src\\shared\\components\\GnomeList\\GnomeListContainer.js": {"path":"C:\\Users\\Ema Suriano\\git\\brastlewark-finder\\src\\shared\\components\\GnomeList\\GnomeListContainer.js","statementMap":{"0":{"start":{"line":1,"column":13},"end":{"line":1,"column":75}},"1":{"start":{"line":1,"column":99},"end":{"line":1,"column":127}},"2":{"start":{"line":1,"column":153},"end":{"line":1,"column":194}},"3":{"start":{"line":1,"column":233},"end":{"line":1,"column":287}},"4":{"start":{"line":3,"column":27},"end":{"line":11,"column":1}},"5":{"start":{"line":11,"column":2},"end":{"line":13,"column":19}}},"fnMap":{"0":{"name":"_interopRequireDefault","decl":{"start":{"line":1,"column":204},"end":{"line":1,"column":226}},"loc":{"start":{"line":1,"column":232},"end":{"line":1,"column":288}},"line":1}},"branchMap":{"0":{"loc":{"start":{"line":1,"column":240},"end":{"line":1,"column":286}},"type":"cond-expr","locations":[{"start":{"line":1,"column":264},"end":{"line":1,"column":267}},{"start":{"line":1,"column":270},"end":{"line":1,"column":286}}],"line":1},"1":{"loc":{"start":{"line":1,"column":240},"end":{"line":1,"column":261}},"type":"binary-expr","locations":[{"start":{"line":1,"column":240},"end":{"line":1,"column":243}},{"start":{"line":1,"column":247},"end":{"line":1,"column":261}}],"line":1}},"s":{"0":0,"1":0,"2":0,"3":0,"4":0,"5":0},"f":{"0":0},"b":{"0":[0,0],"1":[0,0]}}
,"C:\\Users\\Ema Suriano\\git\\brastlewark-finder\\src\\shared\\components\\GnomeList\\index.js": {"path":"C:\\Users\\Ema Suriano\\git\\brastlewark-finder\\src\\shared\\components\\GnomeList\\index.js","statementMap":{"0":{"start":{"line":1,"column":13},"end":{"line":1,"column":75}},"1":{"start":{"line":1,"column":92},"end":{"line":1,"column":114}},"2":{"start":{"line":1,"column":133},"end":{"line":1,"column":167}},"3":{"start":{"line":1,"column":206},"end":{"line":1,"column":260}},"4":{"start":{"line":1,"column":261},"end":{"line":1,"column":299}}},"fnMap":{"0":{"name":"_interopRequireDefault","decl":{"start":{"line":1,"column":177},"end":{"line":1,"column":199}},"loc":{"start":{"line":1,"column":205},"end":{"line":1,"column":261}},"line":1}},"branchMap":{"0":{"loc":{"start":{"line":1,"column":213},"end":{"line":1,"column":259}},"type":"cond-expr","locations":[{"start":{"line":1,"column":237},"end":{"line":1,"column":240}},{"start":{"line":1,"column":243},"end":{"line":1,"column":259}}],"line":1},"1":{"loc":{"start":{"line":1,"column":213},"end":{"line":1,"column":234}},"type":"binary-expr","locations":[{"start":{"line":1,"column":213},"end":{"line":1,"column":216}},{"start":{"line":1,"column":220},"end":{"line":1,"column":234}}],"line":1}},"s":{"0":0,"1":0,"2":0,"3":0,"4":0},"f":{"0":0},"b":{"0":[0,0],"1":[0,0]}}
,"C:\\Users\\Ema Suriano\\git\\brastlewark-finder\\src\\shared\\constants\\theme.js": {"path":"C:\\Users\\Ema Suriano\\git\\brastlewark-finder\\src\\shared\\constants\\theme.js","statementMap":{"0":{"start":{"line":3,"column":30},"end":{"line":9,"column":2}}},"fnMap":{},"branchMap":{},"s":{"0":1},"f":{},"b":{},"_coverageSchema":"332fd63041d2c1bcb487cc26dd0d5f7d97098a6c","hash":"1f2519c6c5e57730f0a2543b6eeeaabdcdc91d4a"}
}
